{"C:\\Users\\Charity\\Desktop\\KajKai\\query\\view-user\\services\\IDService.js":{"path":"C:\\Users\\Charity\\Desktop\\KajKai\\query\\view-user\\services\\IDService.js","statementMap":{"0":{"start":{"line":3,"column":34},"end":{"line":10,"column":1}},"1":{"start":{"line":4,"column":27},"end":{"line":7,"column":4}},"2":{"start":{"line":9,"column":2},"end":{"line":9,"column":33}},"3":{"start":{"line":12,"column":37},"end":{"line":14,"column":1}},"4":{"start":{"line":13,"column":2},"end":{"line":13,"column":50}},"5":{"start":{"line":16,"column":36},"end":{"line":23,"column":1}},"6":{"start":{"line":17,"column":29},"end":{"line":20,"column":4}},"7":{"start":{"line":22,"column":2},"end":{"line":22,"column":35}},"8":{"start":{"line":25,"column":39},"end":{"line":27,"column":1}},"9":{"start":{"line":26,"column":2},"end":{"line":26,"column":52}},"10":{"start":{"line":29,"column":41},"end":{"line":37,"column":1}},"11":{"start":{"line":30,"column":34},"end":{"line":34,"column":4}},"12":{"start":{"line":36,"column":2},"end":{"line":36,"column":40}},"13":{"start":{"line":39,"column":37},"end":{"line":41,"column":1}},"14":{"start":{"line":40,"column":2},"end":{"line":40,"column":57}}},"fnMap":{"0":{"name":"(anonymous_0)","decl":{"start":{"line":3,"column":34},"end":{"line":3,"column":35}},"loc":{"start":{"line":3,"column":59},"end":{"line":10,"column":1}},"line":3},"1":{"name":"(anonymous_1)","decl":{"start":{"line":9,"column":24},"end":{"line":9,"column":25}},"loc":{"start":{"line":9,"column":30},"end":{"line":9,"column":32}},"line":9},"2":{"name":"(anonymous_2)","decl":{"start":{"line":12,"column":37},"end":{"line":12,"column":38}},"loc":{"start":{"line":12,"column":53},"end":{"line":14,"column":1}},"line":12},"3":{"name":"(anonymous_3)","decl":{"start":{"line":13,"column":41},"end":{"line":13,"column":42}},"loc":{"start":{"line":13,"column":47},"end":{"line":13,"column":49}},"line":13},"4":{"name":"(anonymous_4)","decl":{"start":{"line":16,"column":36},"end":{"line":16,"column":37}},"loc":{"start":{"line":16,"column":63},"end":{"line":23,"column":1}},"line":16},"5":{"name":"(anonymous_5)","decl":{"start":{"line":22,"column":26},"end":{"line":22,"column":27}},"loc":{"start":{"line":22,"column":32},"end":{"line":22,"column":34}},"line":22},"6":{"name":"(anonymous_6)","decl":{"start":{"line":25,"column":39},"end":{"line":25,"column":40}},"loc":{"start":{"line":25,"column":55},"end":{"line":27,"column":1}},"line":25},"7":{"name":"(anonymous_7)","decl":{"start":{"line":26,"column":43},"end":{"line":26,"column":44}},"loc":{"start":{"line":26,"column":49},"end":{"line":26,"column":51}},"line":26},"8":{"name":"(anonymous_8)","decl":{"start":{"line":29,"column":41},"end":{"line":29,"column":42}},"loc":{"start":{"line":29,"column":77},"end":{"line":37,"column":1}},"line":29},"9":{"name":"(anonymous_9)","decl":{"start":{"line":36,"column":31},"end":{"line":36,"column":32}},"loc":{"start":{"line":36,"column":37},"end":{"line":36,"column":39}},"line":36},"10":{"name":"(anonymous_10)","decl":{"start":{"line":39,"column":37},"end":{"line":39,"column":38}},"loc":{"start":{"line":39,"column":53},"end":{"line":41,"column":1}},"line":39},"11":{"name":"(anonymous_11)","decl":{"start":{"line":40,"column":48},"end":{"line":40,"column":49}},"loc":{"start":{"line":40,"column":54},"end":{"line":40,"column":56}},"line":40}},"branchMap":{},"s":{"0":1,"1":0,"2":0,"3":1,"4":0,"5":1,"6":0,"7":0,"8":1,"9":0,"10":1,"11":0,"12":0,"13":1,"14":0},"f":{"0":0,"1":0,"2":0,"3":0,"4":0,"5":0,"6":0,"7":0,"8":0,"9":0,"10":0,"11":0},"b":{},"_coverageSchema":"332fd63041d2c1bcb487cc26dd0d5f7d97098a6c","hash":"935e740691648146f40c7573bb9c3dca6d7900fb","contentHash":"702693bba814957003921a82f2ab0094_11.1.0"},"C:\\Users\\Charity\\Desktop\\KajKai\\query\\view-user\\models\\index.js":{"path":"C:\\Users\\Charity\\Desktop\\KajKai\\query\\view-user\\models\\index.js","statementMap":{"0":{"start":{"line":22,"column":23},"end":{"line":22,"column":63}},"1":{"start":{"line":23,"column":26},"end":{"line":23,"column":72}},"2":{"start":{"line":24,"column":21},"end":{"line":24,"column":57}},"3":{"start":{"line":25,"column":28},"end":{"line":25,"column":78}},"4":{"start":{"line":26,"column":33},"end":{"line":26,"column":93}},"5":{"start":{"line":27,"column":38},"end":{"line":27,"column":108}},"6":{"start":{"line":28,"column":31},"end":{"line":28,"column":87}},"7":{"start":{"line":29,"column":21},"end":{"line":29,"column":57}},"8":{"start":{"line":30,"column":24},"end":{"line":30,"column":66}},"9":{"start":{"line":31,"column":20},"end":{"line":31,"column":54}},"10":{"start":{"line":32,"column":26},"end":{"line":32,"column":72}},"11":{"start":{"line":33,"column":21},"end":{"line":33,"column":57}},"12":{"start":{"line":34,"column":28},"end":{"line":34,"column":78}},"13":{"start":{"line":35,"column":23},"end":{"line":35,"column":63}},"14":{"start":{"line":36,"column":23},"end":{"line":36,"column":63}},"15":{"start":{"line":37,"column":26},"end":{"line":37,"column":72}},"16":{"start":{"line":38,"column":29},"end":{"line":38,"column":81}},"17":{"start":{"line":39,"column":20},"end":{"line":39,"column":54}},"18":{"start":{"line":40,"column":20},"end":{"line":40,"column":54}}},"fnMap":{},"branchMap":{},"s":{"0":1,"1":1,"2":1,"3":1,"4":1,"5":1,"6":1,"7":1,"8":1,"9":1,"10":1,"11":1,"12":1,"13":1,"14":1,"15":1,"16":1,"17":1,"18":1},"f":{},"b":{},"_coverageSchema":"332fd63041d2c1bcb487cc26dd0d5f7d97098a6c","hash":"f4ccc0a2b6911b1b8eac8ccda6027c42ab8f65db","contentHash":"6aa6e1e74bea1965ba0e2b233e1e1f26_11.1.0"},"C:\\Users\\Charity\\Desktop\\KajKai\\query\\view-user\\datasource.js":{"path":"C:\\Users\\Charity\\Desktop\\KajKai\\query\\view-user\\datasource.js","statementMap":{"0":{"start":{"line":4,"column":0},"end":{"line":4,"column":33}},"1":{"start":{"line":5,"column":0},"end":{"line":11,"column":2}},"2":{"start":{"line":8,"column":4},"end":{"line":10,"column":5}},"3":{"start":{"line":9,"column":8},"end":{"line":9,"column":48}}},"fnMap":{"0":{"name":"(anonymous_0)","decl":{"start":{"line":7,"column":3},"end":{"line":7,"column":4}},"loc":{"start":{"line":7,"column":12},"end":{"line":11,"column":1}},"line":7}},"branchMap":{"0":{"loc":{"start":{"line":8,"column":4},"end":{"line":10,"column":5}},"type":"if","locations":[{"start":{"line":8,"column":4},"end":{"line":10,"column":5}},{"start":{"line":8,"column":4},"end":{"line":10,"column":5}}],"line":8}},"s":{"0":1,"1":1,"2":1,"3":0},"f":{"0":1},"b":{"0":[0,1]},"_coverageSchema":"332fd63041d2c1bcb487cc26dd0d5f7d97098a6c","hash":"a88478cb951a4dd2a1bf5841ffd23ad8ee7ab153","contentHash":"08d6ab8118da628231135ed87783d5a5_11.1.0"},"C:\\Users\\Charity\\Desktop\\KajKai\\query\\view-user\\config\\commonConfig.js":{"path":"C:\\Users\\Charity\\Desktop\\KajKai\\query\\view-user\\config\\commonConfig.js","statementMap":{"0":{"start":{"line":1,"column":15},"end":{"line":6,"column":1}},"1":{"start":{"line":3,"column":28},"end":{"line":3,"column":96}},"2":{"start":{"line":4,"column":28},"end":{"line":4,"column":51}},"3":{"start":{"line":5,"column":26},"end":{"line":5,"column":108}}},"fnMap":{"0":{"name":"(anonymous_0)","decl":{"start":{"line":3,"column":21},"end":{"line":3,"column":22}},"loc":{"start":{"line":3,"column":28},"end":{"line":3,"column":96}},"line":3},"1":{"name":"(anonymous_1)","decl":{"start":{"line":4,"column":21},"end":{"line":4,"column":22}},"loc":{"start":{"line":4,"column":28},"end":{"line":4,"column":51}},"line":4},"2":{"name":"(anonymous_2)","decl":{"start":{"line":5,"column":19},"end":{"line":5,"column":20}},"loc":{"start":{"line":5,"column":26},"end":{"line":5,"column":108}},"line":5}},"branchMap":{},"s":{"0":1,"1":0,"2":1,"3":1},"f":{"0":0,"1":1,"2":1},"b":{},"_coverageSchema":"332fd63041d2c1bcb487cc26dd0d5f7d97098a6c","hash":"671650f379e00f8fcde86ee7dd80ebf9e97bf01e","contentHash":"5528923cf387687f07bd48e49a9c23cb_11.1.0"},"C:\\Users\\Charity\\Desktop\\KajKai\\query\\view-user\\models\\Address.js":{"path":"C:\\Users\\Charity\\Desktop\\KajKai\\query\\view-user\\models\\Address.js","statementMap":{"0":{"start":{"line":3,"column":22},"end":{"line":9,"column":2}}},"fnMap":{},"branchMap":{},"s":{"0":1},"f":{},"b":{},"_coverageSchema":"332fd63041d2c1bcb487cc26dd0d5f7d97098a6c","hash":"3bf312e5a4ad0eae2e8605e070b94bc10c2309ab","contentHash":"86cedaa137e4038040dc112725799739_11.1.0"},"C:\\Users\\Charity\\Desktop\\KajKai\\query\\view-user\\models\\BasicStore.js":{"path":"C:\\Users\\Charity\\Desktop\\KajKai\\query\\view-user\\models\\BasicStore.js","statementMap":{"0":{"start":{"line":3,"column":25},"end":{"line":8,"column":2}}},"fnMap":{},"branchMap":{},"s":{"0":1},"f":{},"b":{},"_coverageSchema":"332fd63041d2c1bcb487cc26dd0d5f7d97098a6c","hash":"c4e34dffe21de16ce2b6703c546a3cf795096afb","contentHash":"f38d01f2033550eb6f4791ed00c1d5d2_11.1.0"},"C:\\Users\\Charity\\Desktop\\KajKai\\query\\view-user\\models\\Black.js":{"path":"C:\\Users\\Charity\\Desktop\\KajKai\\query\\view-user\\models\\Black.js","statementMap":{"0":{"start":{"line":5,"column":20},"end":{"line":9,"column":2}}},"fnMap":{},"branchMap":{},"s":{"0":1},"f":{},"b":{},"_coverageSchema":"332fd63041d2c1bcb487cc26dd0d5f7d97098a6c","hash":"e54cd531843404afc2dbb9ecbbbd17508bece45a","contentHash":"4da95ab9bd8cf1425ea1a51be39da2c1_11.1.0"},"C:\\Users\\Charity\\Desktop\\KajKai\\query\\view-user\\enum.js":{"path":"C:\\Users\\Charity\\Desktop\\KajKai\\query\\view-user\\enum.js","statementMap":{"0":{"start":{"line":1,"column":24},"end":{"line":4,"column":1}},"1":{"start":{"line":6,"column":19},"end":{"line":9,"column":1}},"2":{"start":{"line":11,"column":25},"end":{"line":15,"column":1}},"3":{"start":{"line":17,"column":26},"end":{"line":20,"column":1}},"4":{"start":{"line":22,"column":29},"end":{"line":25,"column":1}},"5":{"start":{"line":27,"column":32},"end":{"line":37,"column":1}}},"fnMap":{},"branchMap":{},"s":{"0":1,"1":1,"2":1,"3":1,"4":1,"5":1},"f":{},"b":{},"_coverageSchema":"332fd63041d2c1bcb487cc26dd0d5f7d97098a6c","hash":"3a01da748eb50848ed84683f6188fa08eba00f6c","contentHash":"790a804d846755b5a9f9bd3f3308ed8d_11.1.0"},"C:\\Users\\Charity\\Desktop\\KajKai\\query\\view-user\\models\\CommentLiker.js":{"path":"C:\\Users\\Charity\\Desktop\\KajKai\\query\\view-user\\models\\CommentLiker.js","statementMap":{"0":{"start":{"line":4,"column":27},"end":{"line":7,"column":2}}},"fnMap":{},"branchMap":{},"s":{"0":1},"f":{},"b":{},"_coverageSchema":"332fd63041d2c1bcb487cc26dd0d5f7d97098a6c","hash":"3f78271290f55586124d0609f8b28aec75e125f2","contentHash":"ff253300e5ff3fc20da9544d62b91da0_11.1.0"},"C:\\Users\\Charity\\Desktop\\KajKai\\query\\view-user\\models\\Liker.js":{"path":"C:\\Users\\Charity\\Desktop\\KajKai\\query\\view-user\\models\\Liker.js","statementMap":{"0":{"start":{"line":3,"column":20},"end":{"line":9,"column":2}}},"fnMap":{},"branchMap":{},"s":{"0":1},"f":{},"b":{},"_coverageSchema":"332fd63041d2c1bcb487cc26dd0d5f7d97098a6c","hash":"1c564f397b9303b2fa7bde8c181d81da1fd52847","contentHash":"e4728b39ef7a0eb92d8099eaf8937e1e_11.1.0"},"C:\\Users\\Charity\\Desktop\\KajKai\\query\\view-user\\models\\IDCommentSellpost.js":{"path":"C:\\Users\\Charity\\Desktop\\KajKai\\query\\view-user\\models\\IDCommentSellpost.js","statementMap":{"0":{"start":{"line":3,"column":32},"end":{"line":6,"column":2}}},"fnMap":{},"branchMap":{},"s":{"0":1},"f":{},"b":{},"_coverageSchema":"332fd63041d2c1bcb487cc26dd0d5f7d97098a6c","hash":"4d56820c87bfd02496a650e68a367bb31394173a","contentHash":"4d83a93d666c990776818fb3e51ad9e6_11.1.0"},"C:\\Users\\Charity\\Desktop\\KajKai\\query\\view-user\\models\\IDReplyCommentSellpost.js":{"path":"C:\\Users\\Charity\\Desktop\\KajKai\\query\\view-user\\models\\IDReplyCommentSellpost.js","statementMap":{"0":{"start":{"line":3,"column":37},"end":{"line":7,"column":2}}},"fnMap":{},"branchMap":{},"s":{"0":1},"f":{},"b":{},"_coverageSchema":"332fd63041d2c1bcb487cc26dd0d5f7d97098a6c","hash":"5f1fbb14c435fa3fe4f1e654d4901fed80ebbf69","contentHash":"f6f4690c86ec1621b351ce37a3a222be_11.1.0"},"C:\\Users\\Charity\\Desktop\\KajKai\\query\\view-user\\models\\IDSellpostStore.js":{"path":"C:\\Users\\Charity\\Desktop\\KajKai\\query\\view-user\\models\\IDSellpostStore.js","statementMap":{"0":{"start":{"line":3,"column":30},"end":{"line":6,"column":2}}},"fnMap":{},"branchMap":{},"s":{"0":1},"f":{},"b":{},"_coverageSchema":"332fd63041d2c1bcb487cc26dd0d5f7d97098a6c","hash":"83cd2899196b7e90accd33aae19f58d4f06f15e2","contentHash":"82e04a07a4bfa72ea87280104f947550_11.1.0"},"C:\\Users\\Charity\\Desktop\\KajKai\\query\\view-user\\models\\Image.js":{"path":"C:\\Users\\Charity\\Desktop\\KajKai\\query\\view-user\\models\\Image.js","statementMap":{"0":{"start":{"line":3,"column":20},"end":{"line":6,"column":2}}},"fnMap":{},"branchMap":{},"s":{"0":1},"f":{},"b":{},"_coverageSchema":"332fd63041d2c1bcb487cc26dd0d5f7d97098a6c","hash":"2e52e5a66767bb1599365fd988436a9b11a4d16c","contentHash":"9a307999a91117aa00d0315797a1d5f1_11.1.0"},"C:\\Users\\Charity\\Desktop\\KajKai\\query\\view-user\\models\\Interest.js":{"path":"C:\\Users\\Charity\\Desktop\\KajKai\\query\\view-user\\models\\Interest.js","statementMap":{"0":{"start":{"line":3,"column":23},"end":{"line":10,"column":2}}},"fnMap":{},"branchMap":{},"s":{"0":1},"f":{},"b":{},"_coverageSchema":"332fd63041d2c1bcb487cc26dd0d5f7d97098a6c","hash":"dd9103fdb52b93e408b9c5987a18320089dbb889","contentHash":"886a168ba040268d83fa6c3d9edb5fc0_11.1.0"},"C:\\Users\\Charity\\Desktop\\KajKai\\query\\view-user\\models\\Item.js":{"path":"C:\\Users\\Charity\\Desktop\\KajKai\\query\\view-user\\models\\Item.js","statementMap":{"0":{"start":{"line":3,"column":19},"end":{"line":6,"column":2}}},"fnMap":{},"branchMap":{},"s":{"0":1},"f":{},"b":{},"_coverageSchema":"332fd63041d2c1bcb487cc26dd0d5f7d97098a6c","hash":"a66cc652b7a390875c04e2387561cd5b7c434ea1","contentHash":"af67472851f86abe74470f91fd2df1f8_11.1.0"},"C:\\Users\\Charity\\Desktop\\KajKai\\query\\view-user\\models\\LastUpdate.js":{"path":"C:\\Users\\Charity\\Desktop\\KajKai\\query\\view-user\\models\\LastUpdate.js","statementMap":{"0":{"start":{"line":3,"column":25},"end":{"line":7,"column":2}}},"fnMap":{},"branchMap":{},"s":{"0":1},"f":{},"b":{},"_coverageSchema":"332fd63041d2c1bcb487cc26dd0d5f7d97098a6c","hash":"5c5d466a8e7e724ed6a0c13fb398a11b51599b65","contentHash":"53fbffc5e68ec542f74b55e659b2e952_11.1.0"},"C:\\Users\\Charity\\Desktop\\KajKai\\query\\view-user\\models\\Notification.js":{"path":"C:\\Users\\Charity\\Desktop\\KajKai\\query\\view-user\\models\\Notification.js","statementMap":{"0":{"start":{"line":7,"column":27},"end":{"line":24,"column":2}}},"fnMap":{},"branchMap":{},"s":{"0":1},"f":{},"b":{},"_coverageSchema":"332fd63041d2c1bcb487cc26dd0d5f7d97098a6c","hash":"d75d8053ba4771fa8b67e3711d8a15e03199c89b","contentHash":"e2e88269b258bab82ee501b4951090d0_11.1.0"},"C:\\Users\\Charity\\Desktop\\KajKai\\query\\view-user\\models\\Product.js":{"path":"C:\\Users\\Charity\\Desktop\\KajKai\\query\\view-user\\models\\Product.js","statementMap":{"0":{"start":{"line":3,"column":22},"end":{"line":9,"column":2}}},"fnMap":{},"branchMap":{},"s":{"0":1},"f":{},"b":{},"_coverageSchema":"332fd63041d2c1bcb487cc26dd0d5f7d97098a6c","hash":"eb73cd14c62112c106698821635c1bd2e2fea5db","contentHash":"c5c3302fdf9995699f41630dddc001d0_11.1.0"},"C:\\Users\\Charity\\Desktop\\KajKai\\query\\view-user\\models\\Privacy.js":{"path":"C:\\Users\\Charity\\Desktop\\KajKai\\query\\view-user\\models\\Privacy.js","statementMap":{"0":{"start":{"line":5,"column":22},"end":{"line":8,"column":2}}},"fnMap":{},"branchMap":{},"s":{"0":1},"f":{},"b":{},"_coverageSchema":"332fd63041d2c1bcb487cc26dd0d5f7d97098a6c","hash":"a49b2e22f2e44d5d0716a6398f9a2138e0b29d4d","contentHash":"13620d963778802abe97fdcc1654ad6d_11.1.0"},"C:\\Users\\Charity\\Desktop\\KajKai\\query\\view-user\\models\\ReplyLiker.js":{"path":"C:\\Users\\Charity\\Desktop\\KajKai\\query\\view-user\\models\\ReplyLiker.js","statementMap":{"0":{"start":{"line":4,"column":25},"end":{"line":7,"column":2}}},"fnMap":{},"branchMap":{},"s":{"0":1},"f":{},"b":{},"_coverageSchema":"332fd63041d2c1bcb487cc26dd0d5f7d97098a6c","hash":"730aa7e3743ef8c1458518bf36d2d9a41e190a34","contentHash":"f49535332d6a07c8150cf47c9f2e33e4_11.1.0"},"C:\\Users\\Charity\\Desktop\\KajKai\\query\\view-user\\models\\SellpostLiker.js":{"path":"C:\\Users\\Charity\\Desktop\\KajKai\\query\\view-user\\models\\SellpostLiker.js","statementMap":{"0":{"start":{"line":4,"column":28},"end":{"line":7,"column":2}}},"fnMap":{},"branchMap":{},"s":{"0":1},"f":{},"b":{},"_coverageSchema":"332fd63041d2c1bcb487cc26dd0d5f7d97098a6c","hash":"8b034a5c4a40a534b21de982bbc9dee39d98a7dc","contentHash":"9bcf63a0e50c449892876a98be1123dc_11.1.0"},"C:\\Users\\Charity\\Desktop\\KajKai\\query\\view-user\\models\\Test.js":{"path":"C:\\Users\\Charity\\Desktop\\KajKai\\query\\view-user\\models\\Test.js","statementMap":{"0":{"start":{"line":4,"column":19},"end":{"line":8,"column":2}}},"fnMap":{},"branchMap":{},"s":{"0":1},"f":{},"b":{},"_coverageSchema":"332fd63041d2c1bcb487cc26dd0d5f7d97098a6c","hash":"51dd5c46ff073f3599507446af626b560c964af8","contentHash":"d2d3cebc37f675fd7a86651968a647a2_11.1.0"},"C:\\Users\\Charity\\Desktop\\KajKai\\query\\view-user\\models\\User.js":{"path":"C:\\Users\\Charity\\Desktop\\KajKai\\query\\view-user\\models\\User.js","statementMap":{"0":{"start":{"line":13,"column":19},"end":{"line":36,"column":2}}},"fnMap":{},"branchMap":{},"s":{"0":1},"f":{},"b":{},"_coverageSchema":"332fd63041d2c1bcb487cc26dd0d5f7d97098a6c","hash":"17f003de0a10b181fe2a86da6e2c94a440586d3b","contentHash":"8533eea2323818f6262e6985ff0cf4a9_11.1.0"},"C:\\Users\\Charity\\Desktop\\KajKai\\query\\view-user\\services\\NotificationService.js":{"path":"C:\\Users\\Charity\\Desktop\\KajKai\\query\\view-user\\services\\NotificationService.js","statementMap":{"0":{"start":{"line":5,"column":46},"end":{"line":71,"column":1}},"1":{"start":{"line":6,"column":2},"end":{"line":70,"column":4}},"2":{"start":{"line":7,"column":4},"end":{"line":69,"column":5}},"3":{"start":{"line":8,"column":23},"end":{"line":8,"column":36}},"4":{"start":{"line":9,"column":27},"end":{"line":9,"column":40}},"5":{"start":{"line":10,"column":20},"end":{"line":10,"column":45}},"6":{"start":{"line":11,"column":6},"end":{"line":11,"column":77}},"7":{"start":{"line":12,"column":6},"end":{"line":68,"column":8}},"8":{"start":{"line":13,"column":8},"end":{"line":67,"column":9}},"9":{"start":{"line":14,"column":10},"end":{"line":66,"column":12}},"10":{"start":{"line":15,"column":12},"end":{"line":65,"column":13}},"11":{"start":{"line":16,"column":14},"end":{"line":64,"column":16}},"12":{"start":{"line":17,"column":16},"end":{"line":63,"column":17}},"13":{"start":{"line":18,"column":18},"end":{"line":62,"column":19}},"14":{"start":{"line":19,"column":31},"end":{"line":19,"column":39}},"15":{"start":{"line":20,"column":20},"end":{"line":22,"column":21}},"16":{"start":{"line":21,"column":22},"end":{"line":21,"column":30}},"17":{"start":{"line":23,"column":49},"end":{"line":23,"column":53}},"18":{"start":{"line":24,"column":20},"end":{"line":26,"column":21}},"19":{"start":{"line":25,"column":22},"end":{"line":25,"column":45}},"20":{"start":{"line":27,"column":20},"end":{"line":61,"column":21}},"21":{"start":{"line":28,"column":22},"end":{"line":60,"column":23}},"22":{"start":{"line":29,"column":48},"end":{"line":29,"column":52}},"23":{"start":{"line":30,"column":24},"end":{"line":32,"column":25}},"24":{"start":{"line":31,"column":26},"end":{"line":31,"column":44}},"25":{"start":{"line":33,"column":44},"end":{"line":45,"column":26}},"26":{"start":{"line":46,"column":24},"end":{"line":54,"column":25}},"27":{"start":{"line":47,"column":45},"end":{"line":47,"column":61}},"28":{"start":{"line":48,"column":26},"end":{"line":53,"column":27}},"29":{"start":{"line":49,"column":28},"end":{"line":49,"column":54}},"30":{"start":{"line":50,"column":28},"end":{"line":50,"column":33}},"31":{"start":{"line":51,"column":33},"end":{"line":53,"column":27}},"32":{"start":{"line":52,"column":28},"end":{"line":52,"column":101}},"33":{"start":{"line":55,"column":24},"end":{"line":55,"column":54}},"34":{"start":{"line":56,"column":24},"end":{"line":56,"column":57}},"35":{"start":{"line":57,"column":24},"end":{"line":57,"column":58}},"36":{"start":{"line":58,"column":24},"end":{"line":58,"column":43}},"37":{"start":{"line":59,"column":24},"end":{"line":59,"column":29}},"38":{"start":{"line":73,"column":45},"end":{"line":144,"column":1}},"39":{"start":{"line":74,"column":2},"end":{"line":143,"column":4}},"40":{"start":{"line":75,"column":4},"end":{"line":142,"column":5}},"41":{"start":{"line":76,"column":23},"end":{"line":76,"column":35}},"42":{"start":{"line":77,"column":27},"end":{"line":77,"column":40}},"43":{"start":{"line":78,"column":20},"end":{"line":78,"column":45}},"44":{"start":{"line":79,"column":6},"end":{"line":79,"column":77}},"45":{"start":{"line":80,"column":6},"end":{"line":141,"column":8}},"46":{"start":{"line":81,"column":8},"end":{"line":140,"column":9}},"47":{"start":{"line":82,"column":10},"end":{"line":139,"column":12}},"48":{"start":{"line":83,"column":12},"end":{"line":138,"column":13}},"49":{"start":{"line":84,"column":14},"end":{"line":137,"column":16}},"50":{"start":{"line":85,"column":16},"end":{"line":136,"column":17}},"51":{"start":{"line":86,"column":18},"end":{"line":135,"column":20}},"52":{"start":{"line":87,"column":20},"end":{"line":134,"column":21}},"53":{"start":{"line":88,"column":22},"end":{"line":133,"column":23}},"54":{"start":{"line":89,"column":35},"end":{"line":89,"column":43}},"55":{"start":{"line":90,"column":24},"end":{"line":92,"column":25}},"56":{"start":{"line":91,"column":26},"end":{"line":91,"column":34}},"57":{"start":{"line":93,"column":53},"end":{"line":93,"column":57}},"58":{"start":{"line":94,"column":24},"end":{"line":96,"column":25}},"59":{"start":{"line":95,"column":26},"end":{"line":95,"column":49}},"60":{"start":{"line":97,"column":24},"end":{"line":132,"column":25}},"61":{"start":{"line":98,"column":26},"end":{"line":131,"column":27}},"62":{"start":{"line":99,"column":52},"end":{"line":99,"column":56}},"63":{"start":{"line":100,"column":28},"end":{"line":102,"column":29}},"64":{"start":{"line":101,"column":30},"end":{"line":101,"column":48}},"65":{"start":{"line":103,"column":48},"end":{"line":116,"column":30}},"66":{"start":{"line":117,"column":28},"end":{"line":125,"column":29}},"67":{"start":{"line":118,"column":49},"end":{"line":118,"column":65}},"68":{"start":{"line":119,"column":30},"end":{"line":124,"column":31}},"69":{"start":{"line":120,"column":32},"end":{"line":120,"column":58}},"70":{"start":{"line":121,"column":32},"end":{"line":121,"column":37}},"71":{"start":{"line":122,"column":37},"end":{"line":124,"column":31}},"72":{"start":{"line":123,"column":32},"end":{"line":123,"column":105}},"73":{"start":{"line":126,"column":28},"end":{"line":126,"column":58}},"74":{"start":{"line":127,"column":28},"end":{"line":127,"column":61}},"75":{"start":{"line":128,"column":28},"end":{"line":128,"column":62}},"76":{"start":{"line":129,"column":28},"end":{"line":129,"column":47}},"77":{"start":{"line":130,"column":28},"end":{"line":130,"column":33}},"78":{"start":{"line":146,"column":43},"end":{"line":218,"column":1}},"79":{"start":{"line":147,"column":2},"end":{"line":217,"column":4}},"80":{"start":{"line":148,"column":4},"end":{"line":216,"column":5}},"81":{"start":{"line":149,"column":23},"end":{"line":149,"column":33}},"82":{"start":{"line":150,"column":27},"end":{"line":150,"column":40}},"83":{"start":{"line":151,"column":20},"end":{"line":151,"column":45}},"84":{"start":{"line":152,"column":6},"end":{"line":152,"column":77}},"85":{"start":{"line":153,"column":6},"end":{"line":215,"column":8}},"86":{"start":{"line":154,"column":8},"end":{"line":214,"column":9}},"87":{"start":{"line":155,"column":10},"end":{"line":213,"column":12}},"88":{"start":{"line":156,"column":12},"end":{"line":212,"column":13}},"89":{"start":{"line":157,"column":14},"end":{"line":211,"column":16}},"90":{"start":{"line":158,"column":16},"end":{"line":210,"column":17}},"91":{"start":{"line":159,"column":18},"end":{"line":209,"column":20}},"92":{"start":{"line":160,"column":20},"end":{"line":208,"column":21}},"93":{"start":{"line":161,"column":22},"end":{"line":207,"column":23}},"94":{"start":{"line":162,"column":35},"end":{"line":162,"column":43}},"95":{"start":{"line":163,"column":24},"end":{"line":165,"column":25}},"96":{"start":{"line":164,"column":26},"end":{"line":164,"column":34}},"97":{"start":{"line":166,"column":53},"end":{"line":166,"column":57}},"98":{"start":{"line":167,"column":24},"end":{"line":169,"column":25}},"99":{"start":{"line":168,"column":26},"end":{"line":168,"column":49}},"100":{"start":{"line":170,"column":24},"end":{"line":206,"column":25}},"101":{"start":{"line":171,"column":26},"end":{"line":205,"column":27}},"102":{"start":{"line":172,"column":52},"end":{"line":172,"column":56}},"103":{"start":{"line":173,"column":28},"end":{"line":175,"column":29}},"104":{"start":{"line":174,"column":30},"end":{"line":174,"column":48}},"105":{"start":{"line":176,"column":48},"end":{"line":190,"column":30}},"106":{"start":{"line":191,"column":28},"end":{"line":199,"column":29}},"107":{"start":{"line":192,"column":49},"end":{"line":192,"column":65}},"108":{"start":{"line":193,"column":30},"end":{"line":198,"column":31}},"109":{"start":{"line":194,"column":32},"end":{"line":194,"column":58}},"110":{"start":{"line":195,"column":32},"end":{"line":195,"column":37}},"111":{"start":{"line":196,"column":37},"end":{"line":198,"column":31}},"112":{"start":{"line":197,"column":32},"end":{"line":197,"column":105}},"113":{"start":{"line":200,"column":28},"end":{"line":200,"column":58}},"114":{"start":{"line":201,"column":28},"end":{"line":201,"column":61}},"115":{"start":{"line":202,"column":28},"end":{"line":202,"column":62}},"116":{"start":{"line":203,"column":28},"end":{"line":203,"column":47}},"117":{"start":{"line":204,"column":28},"end":{"line":204,"column":33}},"118":{"start":{"line":220,"column":43},"end":{"line":253,"column":2}},"119":{"start":{"line":220,"column":62},"end":{"line":253,"column":1}},"120":{"start":{"line":232,"column":45},"end":{"line":240,"column":3}},"121":{"start":{"line":245,"column":67},"end":{"line":251,"column":3}},"122":{"start":{"line":255,"column":16},"end":{"line":272,"column":1}},"123":{"start":{"line":256,"column":2},"end":{"line":261,"column":3}},"124":{"start":{"line":257,"column":4},"end":{"line":259,"column":5}},"125":{"start":{"line":258,"column":6},"end":{"line":258,"column":17}},"126":{"start":{"line":260,"column":4},"end":{"line":260,"column":16}},"127":{"start":{"line":262,"column":22},"end":{"line":262,"column":26}},"128":{"start":{"line":263,"column":2},"end":{"line":265,"column":3}},"129":{"start":{"line":264,"column":4},"end":{"line":264,"column":18}},"130":{"start":{"line":266,"column":2},"end":{"line":270,"column":3}},"131":{"start":{"line":267,"column":4},"end":{"line":269,"column":5}},"132":{"start":{"line":268,"column":6},"end":{"line":268,"column":17}},"133":{"start":{"line":271,"column":2},"end":{"line":271,"column":14}}},"fnMap":{"0":{"name":"(anonymous_0)","decl":{"start":{"line":5,"column":46},"end":{"line":5,"column":47}},"loc":{"start":{"line":5,"column":62},"end":{"line":71,"column":1}},"line":5},"1":{"name":"(anonymous_1)","decl":{"start":{"line":6,"column":40},"end":{"line":6,"column":41}},"loc":{"start":{"line":6,"column":64},"end":{"line":70,"column":3}},"line":6},"2":{"name":"(anonymous_2)","decl":{"start":{"line":12,"column":46},"end":{"line":12,"column":47}},"loc":{"start":{"line":12,"column":73},"end":{"line":68,"column":7}},"line":12},"3":{"name":"(anonymous_3)","decl":{"start":{"line":14,"column":63},"end":{"line":14,"column":64}},"loc":{"start":{"line":14,"column":84},"end":{"line":66,"column":11}},"line":14},"4":{"name":"(anonymous_4)","decl":{"start":{"line":16,"column":28},"end":{"line":16,"column":29}},"loc":{"start":{"line":16,"column":44},"end":{"line":64,"column":15}},"line":16},"5":{"name":"(anonymous_5)","decl":{"start":{"line":58,"column":34},"end":{"line":58,"column":35}},"loc":{"start":{"line":58,"column":40},"end":{"line":58,"column":42}},"line":58},"6":{"name":"(anonymous_6)","decl":{"start":{"line":73,"column":45},"end":{"line":73,"column":46}},"loc":{"start":{"line":73,"column":60},"end":{"line":144,"column":1}},"line":73},"7":{"name":"(anonymous_7)","decl":{"start":{"line":74,"column":38},"end":{"line":74,"column":39}},"loc":{"start":{"line":74,"column":61},"end":{"line":143,"column":3}},"line":74},"8":{"name":"(anonymous_8)","decl":{"start":{"line":80,"column":47},"end":{"line":80,"column":48}},"loc":{"start":{"line":80,"column":76},"end":{"line":141,"column":7}},"line":80},"9":{"name":"(anonymous_9)","decl":{"start":{"line":82,"column":81},"end":{"line":82,"column":82}},"loc":{"start":{"line":82,"column":108},"end":{"line":139,"column":11}},"line":82},"10":{"name":"(anonymous_10)","decl":{"start":{"line":84,"column":67},"end":{"line":84,"column":68}},"loc":{"start":{"line":84,"column":88},"end":{"line":137,"column":15}},"line":84},"11":{"name":"(anonymous_11)","decl":{"start":{"line":86,"column":32},"end":{"line":86,"column":33}},"loc":{"start":{"line":86,"column":48},"end":{"line":135,"column":19}},"line":86},"12":{"name":"(anonymous_12)","decl":{"start":{"line":129,"column":38},"end":{"line":129,"column":39}},"loc":{"start":{"line":129,"column":44},"end":{"line":129,"column":46}},"line":129},"13":{"name":"(anonymous_13)","decl":{"start":{"line":146,"column":43},"end":{"line":146,"column":44}},"loc":{"start":{"line":146,"column":56},"end":{"line":218,"column":1}},"line":146},"14":{"name":"(anonymous_14)","decl":{"start":{"line":147,"column":34},"end":{"line":147,"column":35}},"loc":{"start":{"line":147,"column":55},"end":{"line":217,"column":3}},"line":147},"15":{"name":"(anonymous_15)","decl":{"start":{"line":153,"column":50},"end":{"line":153,"column":51}},"loc":{"start":{"line":153,"column":84},"end":{"line":215,"column":7}},"line":153},"16":{"name":"(anonymous_16)","decl":{"start":{"line":155,"column":86},"end":{"line":155,"column":87}},"loc":{"start":{"line":155,"column":113},"end":{"line":213,"column":11}},"line":155},"17":{"name":"(anonymous_17)","decl":{"start":{"line":157,"column":67},"end":{"line":157,"column":68}},"loc":{"start":{"line":157,"column":88},"end":{"line":211,"column":15}},"line":157},"18":{"name":"(anonymous_18)","decl":{"start":{"line":159,"column":32},"end":{"line":159,"column":33}},"loc":{"start":{"line":159,"column":48},"end":{"line":209,"column":19}},"line":159},"19":{"name":"(anonymous_19)","decl":{"start":{"line":203,"column":38},"end":{"line":203,"column":39}},"loc":{"start":{"line":203,"column":44},"end":{"line":203,"column":46}},"line":203},"20":{"name":"(anonymous_20)","decl":{"start":{"line":220,"column":43},"end":{"line":220,"column":44}},"loc":{"start":{"line":220,"column":62},"end":{"line":253,"column":1}},"line":220},"21":{"name":"(anonymous_21)","decl":{"start":{"line":232,"column":33},"end":{"line":232,"column":34}},"loc":{"start":{"line":232,"column":45},"end":{"line":240,"column":3}},"line":232},"22":{"name":"(anonymous_22)","decl":{"start":{"line":245,"column":53},"end":{"line":245,"column":54}},"loc":{"start":{"line":245,"column":67},"end":{"line":251,"column":3}},"line":245},"23":{"name":"(anonymous_23)","decl":{"start":{"line":255,"column":16},"end":{"line":255,"column":17}},"loc":{"start":{"line":255,"column":33},"end":{"line":272,"column":1}},"line":255}},"branchMap":{"0":{"loc":{"start":{"line":7,"column":4},"end":{"line":69,"column":5}},"type":"if","locations":[{"start":{"line":7,"column":4},"end":{"line":69,"column":5}},{"start":{"line":7,"column":4},"end":{"line":69,"column":5}}],"line":7},"1":{"loc":{"start":{"line":11,"column":15},"end":{"line":11,"column":77}},"type":"cond-expr","locations":[{"start":{"line":11,"column":36},"end":{"line":11,"column":42}},{"start":{"line":11,"column":45},"end":{"line":11,"column":77}}],"line":11},"2":{"loc":{"start":{"line":13,"column":8},"end":{"line":67,"column":9}},"type":"if","locations":[{"start":{"line":13,"column":8},"end":{"line":67,"column":9}},{"start":{"line":13,"column":8},"end":{"line":67,"column":9}}],"line":13},"3":{"loc":{"start":{"line":15,"column":12},"end":{"line":65,"column":13}},"type":"if","locations":[{"start":{"line":15,"column":12},"end":{"line":65,"column":13}},{"start":{"line":15,"column":12},"end":{"line":65,"column":13}}],"line":15},"4":{"loc":{"start":{"line":17,"column":16},"end":{"line":63,"column":17}},"type":"if","locations":[{"start":{"line":17,"column":16},"end":{"line":63,"column":17}},{"start":{"line":17,"column":16},"end":{"line":63,"column":17}}],"line":17},"5":{"loc":{"start":{"line":20,"column":20},"end":{"line":22,"column":21}},"type":"if","locations":[{"start":{"line":20,"column":20},"end":{"line":22,"column":21}},{"start":{"line":20,"column":20},"end":{"line":22,"column":21}}],"line":20},"6":{"loc":{"start":{"line":24,"column":20},"end":{"line":26,"column":21}},"type":"if","locations":[{"start":{"line":24,"column":20},"end":{"line":26,"column":21}},{"start":{"line":24,"column":20},"end":{"line":26,"column":21}}],"line":24},"7":{"loc":{"start":{"line":28,"column":22},"end":{"line":60,"column":23}},"type":"if","locations":[{"start":{"line":28,"column":22},"end":{"line":60,"column":23}},{"start":{"line":28,"column":22},"end":{"line":60,"column":23}}],"line":28},"8":{"loc":{"start":{"line":30,"column":24},"end":{"line":32,"column":25}},"type":"if","locations":[{"start":{"line":30,"column":24},"end":{"line":32,"column":25}},{"start":{"line":30,"column":24},"end":{"line":32,"column":25}}],"line":30},"9":{"loc":{"start":{"line":36,"column":35},"end":{"line":36,"column":78}},"type":"cond-expr","locations":[{"start":{"line":36,"column":50},"end":{"line":36,"column":62}},{"start":{"line":36,"column":65},"end":{"line":36,"column":78}}],"line":36},"10":{"loc":{"start":{"line":37,"column":32},"end":{"line":37,"column":81}},"type":"cond-expr","locations":[{"start":{"line":37,"column":49},"end":{"line":37,"column":63}},{"start":{"line":37,"column":66},"end":{"line":37,"column":81}}],"line":37},"11":{"loc":{"start":{"line":48,"column":26},"end":{"line":53,"column":27}},"type":"if","locations":[{"start":{"line":48,"column":26},"end":{"line":53,"column":27}},{"start":{"line":48,"column":26},"end":{"line":53,"column":27}}],"line":48},"12":{"loc":{"start":{"line":48,"column":30},"end":{"line":48,"column":121}},"type":"binary-expr","locations":[{"start":{"line":48,"column":30},"end":{"line":48,"column":80}},{"start":{"line":48,"column":84},"end":{"line":48,"column":121}}],"line":48},"13":{"loc":{"start":{"line":51,"column":33},"end":{"line":53,"column":27}},"type":"if","locations":[{"start":{"line":51,"column":33},"end":{"line":53,"column":27}},{"start":{"line":51,"column":33},"end":{"line":53,"column":27}}],"line":51},"14":{"loc":{"start":{"line":52,"column":50},"end":{"line":52,"column":101}},"type":"cond-expr","locations":[{"start":{"line":52,"column":73},"end":{"line":52,"column":96}},{"start":{"line":52,"column":100},"end":{"line":52,"column":101}}],"line":52},"15":{"loc":{"start":{"line":75,"column":4},"end":{"line":142,"column":5}},"type":"if","locations":[{"start":{"line":75,"column":4},"end":{"line":142,"column":5}},{"start":{"line":75,"column":4},"end":{"line":142,"column":5}}],"line":75},"16":{"loc":{"start":{"line":79,"column":15},"end":{"line":79,"column":77}},"type":"cond-expr","locations":[{"start":{"line":79,"column":36},"end":{"line":79,"column":42}},{"start":{"line":79,"column":45},"end":{"line":79,"column":77}}],"line":79},"17":{"loc":{"start":{"line":81,"column":8},"end":{"line":140,"column":9}},"type":"if","locations":[{"start":{"line":81,"column":8},"end":{"line":140,"column":9}},{"start":{"line":81,"column":8},"end":{"line":140,"column":9}}],"line":81},"18":{"loc":{"start":{"line":83,"column":12},"end":{"line":138,"column":13}},"type":"if","locations":[{"start":{"line":83,"column":12},"end":{"line":138,"column":13}},{"start":{"line":83,"column":12},"end":{"line":138,"column":13}}],"line":83},"19":{"loc":{"start":{"line":85,"column":16},"end":{"line":136,"column":17}},"type":"if","locations":[{"start":{"line":85,"column":16},"end":{"line":136,"column":17}},{"start":{"line":85,"column":16},"end":{"line":136,"column":17}}],"line":85},"20":{"loc":{"start":{"line":87,"column":20},"end":{"line":134,"column":21}},"type":"if","locations":[{"start":{"line":87,"column":20},"end":{"line":134,"column":21}},{"start":{"line":87,"column":20},"end":{"line":134,"column":21}}],"line":87},"21":{"loc":{"start":{"line":90,"column":24},"end":{"line":92,"column":25}},"type":"if","locations":[{"start":{"line":90,"column":24},"end":{"line":92,"column":25}},{"start":{"line":90,"column":24},"end":{"line":92,"column":25}}],"line":90},"22":{"loc":{"start":{"line":94,"column":24},"end":{"line":96,"column":25}},"type":"if","locations":[{"start":{"line":94,"column":24},"end":{"line":96,"column":25}},{"start":{"line":94,"column":24},"end":{"line":96,"column":25}}],"line":94},"23":{"loc":{"start":{"line":98,"column":26},"end":{"line":131,"column":27}},"type":"if","locations":[{"start":{"line":98,"column":26},"end":{"line":131,"column":27}},{"start":{"line":98,"column":26},"end":{"line":131,"column":27}}],"line":98},"24":{"loc":{"start":{"line":100,"column":28},"end":{"line":102,"column":29}},"type":"if","locations":[{"start":{"line":100,"column":28},"end":{"line":102,"column":29}},{"start":{"line":100,"column":28},"end":{"line":102,"column":29}}],"line":100},"25":{"loc":{"start":{"line":107,"column":39},"end":{"line":107,"column":82}},"type":"cond-expr","locations":[{"start":{"line":107,"column":54},"end":{"line":107,"column":66}},{"start":{"line":107,"column":69},"end":{"line":107,"column":82}}],"line":107},"26":{"loc":{"start":{"line":108,"column":36},"end":{"line":108,"column":85}},"type":"cond-expr","locations":[{"start":{"line":108,"column":53},"end":{"line":108,"column":67}},{"start":{"line":108,"column":70},"end":{"line":108,"column":85}}],"line":108},"27":{"loc":{"start":{"line":119,"column":30},"end":{"line":124,"column":31}},"type":"if","locations":[{"start":{"line":119,"column":30},"end":{"line":124,"column":31}},{"start":{"line":119,"column":30},"end":{"line":124,"column":31}}],"line":119},"28":{"loc":{"start":{"line":119,"column":34},"end":{"line":119,"column":122}},"type":"binary-expr","locations":[{"start":{"line":119,"column":34},"end":{"line":119,"column":83}},{"start":{"line":119,"column":87},"end":{"line":119,"column":122}}],"line":119},"29":{"loc":{"start":{"line":122,"column":37},"end":{"line":124,"column":31}},"type":"if","locations":[{"start":{"line":122,"column":37},"end":{"line":124,"column":31}},{"start":{"line":122,"column":37},"end":{"line":124,"column":31}}],"line":122},"30":{"loc":{"start":{"line":123,"column":54},"end":{"line":123,"column":105}},"type":"cond-expr","locations":[{"start":{"line":123,"column":77},"end":{"line":123,"column":100}},{"start":{"line":123,"column":104},"end":{"line":123,"column":105}}],"line":123},"31":{"loc":{"start":{"line":148,"column":4},"end":{"line":216,"column":5}},"type":"if","locations":[{"start":{"line":148,"column":4},"end":{"line":216,"column":5}},{"start":{"line":148,"column":4},"end":{"line":216,"column":5}}],"line":148},"32":{"loc":{"start":{"line":152,"column":15},"end":{"line":152,"column":77}},"type":"cond-expr","locations":[{"start":{"line":152,"column":36},"end":{"line":152,"column":42}},{"start":{"line":152,"column":45},"end":{"line":152,"column":77}}],"line":152},"33":{"loc":{"start":{"line":154,"column":8},"end":{"line":214,"column":9}},"type":"if","locations":[{"start":{"line":154,"column":8},"end":{"line":214,"column":9}},{"start":{"line":154,"column":8},"end":{"line":214,"column":9}}],"line":154},"34":{"loc":{"start":{"line":156,"column":12},"end":{"line":212,"column":13}},"type":"if","locations":[{"start":{"line":156,"column":12},"end":{"line":212,"column":13}},{"start":{"line":156,"column":12},"end":{"line":212,"column":13}}],"line":156},"35":{"loc":{"start":{"line":158,"column":16},"end":{"line":210,"column":17}},"type":"if","locations":[{"start":{"line":158,"column":16},"end":{"line":210,"column":17}},{"start":{"line":158,"column":16},"end":{"line":210,"column":17}}],"line":158},"36":{"loc":{"start":{"line":160,"column":20},"end":{"line":208,"column":21}},"type":"if","locations":[{"start":{"line":160,"column":20},"end":{"line":208,"column":21}},{"start":{"line":160,"column":20},"end":{"line":208,"column":21}}],"line":160},"37":{"loc":{"start":{"line":163,"column":24},"end":{"line":165,"column":25}},"type":"if","locations":[{"start":{"line":163,"column":24},"end":{"line":165,"column":25}},{"start":{"line":163,"column":24},"end":{"line":165,"column":25}}],"line":163},"38":{"loc":{"start":{"line":167,"column":24},"end":{"line":169,"column":25}},"type":"if","locations":[{"start":{"line":167,"column":24},"end":{"line":169,"column":25}},{"start":{"line":167,"column":24},"end":{"line":169,"column":25}}],"line":167},"39":{"loc":{"start":{"line":171,"column":26},"end":{"line":205,"column":27}},"type":"if","locations":[{"start":{"line":171,"column":26},"end":{"line":205,"column":27}},{"start":{"line":171,"column":26},"end":{"line":205,"column":27}}],"line":171},"40":{"loc":{"start":{"line":173,"column":28},"end":{"line":175,"column":29}},"type":"if","locations":[{"start":{"line":173,"column":28},"end":{"line":175,"column":29}},{"start":{"line":173,"column":28},"end":{"line":175,"column":29}}],"line":173},"41":{"loc":{"start":{"line":181,"column":39},"end":{"line":181,"column":82}},"type":"cond-expr","locations":[{"start":{"line":181,"column":54},"end":{"line":181,"column":66}},{"start":{"line":181,"column":69},"end":{"line":181,"column":82}}],"line":181},"42":{"loc":{"start":{"line":182,"column":36},"end":{"line":182,"column":85}},"type":"cond-expr","locations":[{"start":{"line":182,"column":53},"end":{"line":182,"column":67}},{"start":{"line":182,"column":70},"end":{"line":182,"column":85}}],"line":182},"43":{"loc":{"start":{"line":193,"column":30},"end":{"line":198,"column":31}},"type":"if","locations":[{"start":{"line":193,"column":30},"end":{"line":198,"column":31}},{"start":{"line":193,"column":30},"end":{"line":198,"column":31}}],"line":193},"44":{"loc":{"start":{"line":193,"column":34},"end":{"line":193,"column":116}},"type":"binary-expr","locations":[{"start":{"line":193,"column":34},"end":{"line":193,"column":81}},{"start":{"line":193,"column":85},"end":{"line":193,"column":116}}],"line":193},"45":{"loc":{"start":{"line":196,"column":37},"end":{"line":198,"column":31}},"type":"if","locations":[{"start":{"line":196,"column":37},"end":{"line":198,"column":31}},{"start":{"line":196,"column":37},"end":{"line":198,"column":31}}],"line":196},"46":{"loc":{"start":{"line":197,"column":54},"end":{"line":197,"column":105}},"type":"cond-expr","locations":[{"start":{"line":197,"column":77},"end":{"line":197,"column":100}},{"start":{"line":197,"column":104},"end":{"line":197,"column":105}}],"line":197},"47":{"loc":{"start":{"line":238,"column":8},"end":{"line":238,"column":51}},"type":"cond-expr","locations":[{"start":{"line":238,"column":23},"end":{"line":238,"column":35}},{"start":{"line":238,"column":38},"end":{"line":238,"column":51}}],"line":238},"48":{"loc":{"start":{"line":239,"column":10},"end":{"line":239,"column":59}},"type":"cond-expr","locations":[{"start":{"line":239,"column":27},"end":{"line":239,"column":41}},{"start":{"line":239,"column":44},"end":{"line":239,"column":59}}],"line":239},"49":{"loc":{"start":{"line":245,"column":9},"end":{"line":251,"column":10}},"type":"cond-expr","locations":[{"start":{"line":245,"column":30},"end":{"line":251,"column":5}},{"start":{"line":251,"column":8},"end":{"line":251,"column":10}}],"line":245},"50":{"loc":{"start":{"line":247,"column":13},"end":{"line":247,"column":51}},"type":"cond-expr","locations":[{"start":{"line":247,"column":31},"end":{"line":247,"column":46}},{"start":{"line":247,"column":49},"end":{"line":247,"column":51}}],"line":247},"51":{"loc":{"start":{"line":248,"column":14},"end":{"line":248,"column":54}},"type":"cond-expr","locations":[{"start":{"line":248,"column":33},"end":{"line":248,"column":49}},{"start":{"line":248,"column":52},"end":{"line":248,"column":54}}],"line":248},"52":{"loc":{"start":{"line":249,"column":10},"end":{"line":249,"column":42}},"type":"cond-expr","locations":[{"start":{"line":249,"column":25},"end":{"line":249,"column":37}},{"start":{"line":249,"column":40},"end":{"line":249,"column":42}}],"line":249},"53":{"loc":{"start":{"line":256,"column":2},"end":{"line":261,"column":3}},"type":"if","locations":[{"start":{"line":256,"column":2},"end":{"line":261,"column":3}},{"start":{"line":256,"column":2},"end":{"line":261,"column":3}}],"line":256},"54":{"loc":{"start":{"line":257,"column":4},"end":{"line":259,"column":5}},"type":"if","locations":[{"start":{"line":257,"column":4},"end":{"line":259,"column":5}},{"start":{"line":257,"column":4},"end":{"line":259,"column":5}}],"line":257},"55":{"loc":{"start":{"line":263,"column":2},"end":{"line":265,"column":3}},"type":"if","locations":[{"start":{"line":263,"column":2},"end":{"line":265,"column":3}},{"start":{"line":263,"column":2},"end":{"line":265,"column":3}}],"line":263},"56":{"loc":{"start":{"line":267,"column":4},"end":{"line":269,"column":5}},"type":"if","locations":[{"start":{"line":267,"column":4},"end":{"line":269,"column":5}},{"start":{"line":267,"column":4},"end":{"line":269,"column":5}}],"line":267}},"s":{"0":1,"1":0,"2":0,"3":0,"4":0,"5":0,"6":0,"7":0,"8":0,"9":0,"10":0,"11":0,"12":0,"13":0,"14":0,"15":0,"16":0,"17":0,"18":0,"19":0,"20":0,"21":0,"22":0,"23":0,"24":0,"25":0,"26":0,"27":0,"28":0,"29":0,"30":0,"31":0,"32":0,"33":0,"34":0,"35":0,"36":0,"37":0,"38":1,"39":0,"40":0,"41":0,"42":0,"43":0,"44":0,"45":0,"46":0,"47":0,"48":0,"49":0,"50":0,"51":0,"52":0,"53":0,"54":0,"55":0,"56":0,"57":0,"58":0,"59":0,"60":0,"61":0,"62":0,"63":0,"64":0,"65":0,"66":0,"67":0,"68":0,"69":0,"70":0,"71":0,"72":0,"73":0,"74":0,"75":0,"76":0,"77":0,"78":1,"79":0,"80":0,"81":0,"82":0,"83":0,"84":0,"85":0,"86":0,"87":0,"88":0,"89":0,"90":0,"91":0,"92":0,"93":0,"94":0,"95":0,"96":0,"97":0,"98":0,"99":0,"100":0,"101":0,"102":0,"103":0,"104":0,"105":0,"106":0,"107":0,"108":0,"109":0,"110":0,"111":0,"112":0,"113":0,"114":0,"115":0,"116":0,"117":0,"118":1,"119":0,"120":0,"121":0,"122":1,"123":0,"124":0,"125":0,"126":0,"127":0,"128":0,"129":0,"130":0,"131":0,"132":0,"133":0},"f":{"0":0,"1":0,"2":0,"3":0,"4":0,"5":0,"6":0,"7":0,"8":0,"9":0,"10":0,"11":0,"12":0,"13":0,"14":0,"15":0,"16":0,"17":0,"18":0,"19":0,"20":0,"21":0,"22":0,"23":0},"b":{"0":[0,0],"1":[0,0],"2":[0,0],"3":[0,0],"4":[0,0],"5":[0,0],"6":[0,0],"7":[0,0],"8":[0,0],"9":[0,0],"10":[0,0],"11":[0,0],"12":[0,0],"13":[0,0],"14":[0,0],"15":[0,0],"16":[0,0],"17":[0,0],"18":[0,0],"19":[0,0],"20":[0,0],"21":[0,0],"22":[0,0],"23":[0,0],"24":[0,0],"25":[0,0],"26":[0,0],"27":[0,0],"28":[0,0],"29":[0,0],"30":[0,0],"31":[0,0],"32":[0,0],"33":[0,0],"34":[0,0],"35":[0,0],"36":[0,0],"37":[0,0],"38":[0,0],"39":[0,0],"40":[0,0],"41":[0,0],"42":[0,0],"43":[0,0],"44":[0,0],"45":[0,0],"46":[0,0],"47":[0,0],"48":[0,0],"49":[0,0],"50":[0,0],"51":[0,0],"52":[0,0],"53":[0,0],"54":[0,0],"55":[0,0],"56":[0,0]},"_coverageSchema":"332fd63041d2c1bcb487cc26dd0d5f7d97098a6c","hash":"f387e46b477d9e12a2671b7adefc7e3b3147479e","contentHash":"8bf4728ac5633f2b0476bbd459995269_11.1.0"},"C:\\Users\\Charity\\Desktop\\KajKai\\query\\view-user\\controllers\\NotificationPubController.js":{"path":"C:\\Users\\Charity\\Desktop\\KajKai\\query\\view-user\\controllers\\NotificationPubController.js","statementMap":{"0":{"start":{"line":5,"column":22},"end":{"line":15,"column":1}},"1":{"start":{"line":6,"column":14},"end":{"line":6,"column":40}},"2":{"start":{"line":7,"column":21},"end":{"line":12,"column":3}},"3":{"start":{"line":13,"column":2},"end":{"line":13,"column":57}},"4":{"start":{"line":14,"column":2},"end":{"line":14,"column":12}}},"fnMap":{"0":{"name":"(anonymous_0)","decl":{"start":{"line":5,"column":22},"end":{"line":5,"column":23}},"loc":{"start":{"line":5,"column":48},"end":{"line":15,"column":1}},"line":5}},"branchMap":{},"s":{"0":1,"1":0,"2":0,"3":0,"4":0},"f":{"0":0},"b":{},"_coverageSchema":"332fd63041d2c1bcb487cc26dd0d5f7d97098a6c","hash":"749bc25096f289a929f6a3af32641e5f975e2c35","contentHash":"5197c02aaf039a99d011c69312a1e526_11.1.0"},"C:\\Users\\Charity\\Desktop\\KajKai\\query\\view-user\\config\\pubSubConfig.js":{"path":"C:\\Users\\Charity\\Desktop\\KajKai\\query\\view-user\\config\\pubSubConfig.js","statementMap":{"0":{"start":{"line":1,"column":15},"end":{"line":5,"column":1}}},"fnMap":{},"branchMap":{},"s":{"0":1},"f":{},"b":{},"_coverageSchema":"332fd63041d2c1bcb487cc26dd0d5f7d97098a6c","hash":"e4330862294ba729101983c41a2d29183029ab5b","contentHash":"23593f8062f07aeb24be61cc82ea0246_11.1.0"},"C:\\Users\\Charity\\Desktop\\KajKai\\query\\view-user\\services\\UserService.js":{"path":"C:\\Users\\Charity\\Desktop\\KajKai\\query\\view-user\\services\\UserService.js","statementMap":{"0":{"start":{"line":5,"column":23},"end":{"line":56,"column":1}},"1":{"start":{"line":6,"column":2},"end":{"line":55,"column":4}},"2":{"start":{"line":7,"column":6},"end":{"line":54,"column":7}},"3":{"start":{"line":8,"column":8},"end":{"line":17,"column":9}},"4":{"start":{"line":9,"column":10},"end":{"line":9,"column":20}},"5":{"start":{"line":11,"column":10},"end":{"line":16,"column":12}},"6":{"start":{"line":19,"column":8},"end":{"line":53,"column":9}},"7":{"start":{"line":20,"column":10},"end":{"line":43,"column":12}},"8":{"start":{"line":35,"column":79},"end":{"line":40,"column":15}},"9":{"start":{"line":45,"column":10},"end":{"line":52,"column":12}},"10":{"start":{"line":58,"column":30},"end":{"line":93,"column":1}},"11":{"start":{"line":59,"column":2},"end":{"line":92,"column":4}},"12":{"start":{"line":60,"column":6},"end":{"line":91,"column":7}},"13":{"start":{"line":61,"column":8},"end":{"line":70,"column":9}},"14":{"start":{"line":62,"column":10},"end":{"line":62,"column":20}},"15":{"start":{"line":64,"column":10},"end":{"line":69,"column":12}},"16":{"start":{"line":72,"column":8},"end":{"line":90,"column":9}},"17":{"start":{"line":73,"column":10},"end":{"line":80,"column":12}},"18":{"start":{"line":82,"column":10},"end":{"line":89,"column":12}},"19":{"start":{"line":95,"column":32},"end":{"line":152,"column":1}},"20":{"start":{"line":96,"column":2},"end":{"line":151,"column":4}},"21":{"start":{"line":97,"column":6},"end":{"line":150,"column":7}},"22":{"start":{"line":98,"column":8},"end":{"line":105,"column":9}},"23":{"start":{"line":99,"column":10},"end":{"line":99,"column":20}},"24":{"start":{"line":101,"column":10},"end":{"line":104,"column":12}},"25":{"start":{"line":107,"column":8},"end":{"line":149,"column":9}},"26":{"start":{"line":108,"column":30},"end":{"line":108,"column":34}},"27":{"start":{"line":109,"column":10},"end":{"line":111,"column":11}},"28":{"start":{"line":110,"column":12},"end":{"line":110,"column":26}},"29":{"start":{"line":112,"column":29},"end":{"line":112,"column":31}},"30":{"start":{"line":113,"column":37},"end":{"line":113,"column":38}},"31":{"start":{"line":114,"column":10},"end":{"line":130,"column":11}},"32":{"start":{"line":115,"column":24},"end":{"line":115,"column":36}},"33":{"start":{"line":116,"column":12},"end":{"line":129,"column":13}},"34":{"start":{"line":117,"column":14},"end":{"line":128,"column":15}},"35":{"start":{"line":118,"column":16},"end":{"line":121,"column":18}},"36":{"start":{"line":123,"column":16},"end":{"line":123,"column":46}},"37":{"start":{"line":124,"column":16},"end":{"line":124,"column":29}},"38":{"start":{"line":125,"column":16},"end":{"line":125,"column":38}},"39":{"start":{"line":127,"column":16},"end":{"line":127,"column":21}},"40":{"start":{"line":132,"column":10},"end":{"line":134,"column":11}},"41":{"start":{"line":133,"column":12},"end":{"line":133,"column":24}},"42":{"start":{"line":136,"column":10},"end":{"line":140,"column":12}},"43":{"start":{"line":142,"column":10},"end":{"line":148,"column":12}},"44":{"start":{"line":154,"column":32},"end":{"line":200,"column":1}},"45":{"start":{"line":155,"column":2},"end":{"line":199,"column":4}},"46":{"start":{"line":156,"column":4},"end":{"line":198,"column":5}},"47":{"start":{"line":157,"column":6},"end":{"line":165,"column":7}},"48":{"start":{"line":158,"column":8},"end":{"line":158,"column":18}},"49":{"start":{"line":160,"column":8},"end":{"line":164,"column":10}},"50":{"start":{"line":167,"column":32},"end":{"line":167,"column":36}},"51":{"start":{"line":168,"column":29},"end":{"line":168,"column":31}},"52":{"start":{"line":169,"column":40},"end":{"line":169,"column":41}},"53":{"start":{"line":169,"column":53},"end":{"line":169,"column":55}},"54":{"start":{"line":169,"column":69},"end":{"line":169,"column":71}},"55":{"start":{"line":170,"column":6},"end":{"line":183,"column":7}},"56":{"start":{"line":171,"column":27},"end":{"line":171,"column":43}},"57":{"start":{"line":172,"column":8},"end":{"line":182,"column":9}},"58":{"start":{"line":173,"column":10},"end":{"line":181,"column":11}},"59":{"start":{"line":174,"column":12},"end":{"line":174,"column":74}},"60":{"start":{"line":176,"column":12},"end":{"line":176,"column":49}},"61":{"start":{"line":177,"column":12},"end":{"line":177,"column":25}},"62":{"start":{"line":178,"column":12},"end":{"line":178,"column":41}},"63":{"start":{"line":180,"column":12},"end":{"line":180,"column":17}},"64":{"start":{"line":185,"column":6},"end":{"line":187,"column":7}},"65":{"start":{"line":186,"column":8},"end":{"line":186,"column":20}},"66":{"start":{"line":189,"column":6},"end":{"line":189,"column":29}},"67":{"start":{"line":190,"column":6},"end":{"line":190,"column":25}},"68":{"start":{"line":192,"column":6},"end":{"line":197,"column":8}},"69":{"start":{"line":202,"column":34},"end":{"line":225,"column":1}},"70":{"start":{"line":203,"column":2},"end":{"line":224,"column":4}},"71":{"start":{"line":204,"column":4},"end":{"line":223,"column":5}},"72":{"start":{"line":205,"column":6},"end":{"line":209,"column":7}},"73":{"start":{"line":206,"column":8},"end":{"line":206,"column":22}},"74":{"start":{"line":208,"column":8},"end":{"line":208,"column":26}},"75":{"start":{"line":211,"column":32},"end":{"line":211,"column":36}},"76":{"start":{"line":212,"column":6},"end":{"line":221,"column":7}},"77":{"start":{"line":213,"column":8},"end":{"line":218,"column":9}},"78":{"start":{"line":214,"column":10},"end":{"line":217,"column":11}},"79":{"start":{"line":215,"column":12},"end":{"line":215,"column":39}},"80":{"start":{"line":216,"column":12},"end":{"line":216,"column":17}},"81":{"start":{"line":219,"column":8},"end":{"line":219,"column":42}},"82":{"start":{"line":220,"column":8},"end":{"line":220,"column":27}},"83":{"start":{"line":222,"column":6},"end":{"line":222,"column":21}},"84":{"start":{"line":227,"column":28},"end":{"line":275,"column":1}},"85":{"start":{"line":228,"column":2},"end":{"line":274,"column":4}},"86":{"start":{"line":229,"column":4},"end":{"line":273,"column":5}},"87":{"start":{"line":230,"column":6},"end":{"line":234,"column":7}},"88":{"start":{"line":231,"column":8},"end":{"line":231,"column":34}},"89":{"start":{"line":233,"column":8},"end":{"line":233,"column":38}},"90":{"start":{"line":236,"column":26},"end":{"line":236,"column":30}},"91":{"start":{"line":237,"column":6},"end":{"line":239,"column":7}},"92":{"start":{"line":238,"column":8},"end":{"line":238,"column":22}},"93":{"start":{"line":240,"column":25},"end":{"line":240,"column":27}},"94":{"start":{"line":241,"column":36},"end":{"line":241,"column":37}},"95":{"start":{"line":241,"column":49},"end":{"line":241,"column":51}},"96":{"start":{"line":241,"column":65},"end":{"line":241,"column":67}},"97":{"start":{"line":242,"column":6},"end":{"line":262,"column":7}},"98":{"start":{"line":243,"column":23},"end":{"line":243,"column":35}},"99":{"start":{"line":244,"column":8},"end":{"line":261,"column":9}},"100":{"start":{"line":245,"column":10},"end":{"line":260,"column":11}},"101":{"start":{"line":246,"column":12},"end":{"line":253,"column":14}},"102":{"start":{"line":255,"column":12},"end":{"line":255,"column":45}},"103":{"start":{"line":256,"column":12},"end":{"line":256,"column":25}},"104":{"start":{"line":257,"column":12},"end":{"line":257,"column":37}},"105":{"start":{"line":259,"column":12},"end":{"line":259,"column":17}},"106":{"start":{"line":264,"column":6},"end":{"line":266,"column":7}},"107":{"start":{"line":265,"column":8},"end":{"line":265,"column":20}},"108":{"start":{"line":267,"column":6},"end":{"line":272,"column":8}},"109":{"start":{"line":277,"column":27},"end":{"line":284,"column":1}},"110":{"start":{"line":278,"column":4},"end":{"line":283,"column":5}},"111":{"start":{"line":279,"column":24},"end":{"line":279,"column":51}},"112":{"start":{"line":280,"column":8},"end":{"line":280,"column":23}},"113":{"start":{"line":282,"column":8},"end":{"line":282,"column":20}}},"fnMap":{"0":{"name":"(anonymous_0)","decl":{"start":{"line":5,"column":23},"end":{"line":5,"column":24}},"loc":{"start":{"line":5,"column":50},"end":{"line":56,"column":1}},"line":5},"1":{"name":"(anonymous_1)","decl":{"start":{"line":6,"column":23},"end":{"line":6,"column":24}},"loc":{"start":{"line":6,"column":38},"end":{"line":55,"column":3}},"line":6},"2":{"name":"(anonymous_2)","decl":{"start":{"line":35,"column":62},"end":{"line":35,"column":63}},"loc":{"start":{"line":35,"column":79},"end":{"line":40,"column":15}},"line":35},"3":{"name":"(anonymous_3)","decl":{"start":{"line":58,"column":30},"end":{"line":58,"column":31}},"loc":{"start":{"line":58,"column":44},"end":{"line":93,"column":1}},"line":58},"4":{"name":"(anonymous_4)","decl":{"start":{"line":59,"column":23},"end":{"line":59,"column":24}},"loc":{"start":{"line":59,"column":38},"end":{"line":92,"column":3}},"line":59},"5":{"name":"(anonymous_5)","decl":{"start":{"line":95,"column":32},"end":{"line":95,"column":33}},"loc":{"start":{"line":95,"column":67},"end":{"line":152,"column":1}},"line":95},"6":{"name":"(anonymous_6)","decl":{"start":{"line":96,"column":23},"end":{"line":96,"column":24}},"loc":{"start":{"line":96,"column":38},"end":{"line":151,"column":3}},"line":96},"7":{"name":"(anonymous_7)","decl":{"start":{"line":154,"column":32},"end":{"line":154,"column":33}},"loc":{"start":{"line":154,"column":62},"end":{"line":200,"column":1}},"line":154},"8":{"name":"(anonymous_8)","decl":{"start":{"line":155,"column":23},"end":{"line":155,"column":24}},"loc":{"start":{"line":155,"column":38},"end":{"line":199,"column":3}},"line":155},"9":{"name":"(anonymous_9)","decl":{"start":{"line":190,"column":16},"end":{"line":190,"column":17}},"loc":{"start":{"line":190,"column":22},"end":{"line":190,"column":24}},"line":190},"10":{"name":"(anonymous_10)","decl":{"start":{"line":202,"column":34},"end":{"line":202,"column":35}},"loc":{"start":{"line":202,"column":64},"end":{"line":225,"column":1}},"line":202},"11":{"name":"(anonymous_11)","decl":{"start":{"line":203,"column":23},"end":{"line":203,"column":24}},"loc":{"start":{"line":203,"column":38},"end":{"line":224,"column":3}},"line":203},"12":{"name":"(anonymous_12)","decl":{"start":{"line":220,"column":18},"end":{"line":220,"column":19}},"loc":{"start":{"line":220,"column":24},"end":{"line":220,"column":26}},"line":220},"13":{"name":"(anonymous_13)","decl":{"start":{"line":227,"column":28},"end":{"line":227,"column":29}},"loc":{"start":{"line":227,"column":50},"end":{"line":275,"column":1}},"line":227},"14":{"name":"(anonymous_14)","decl":{"start":{"line":228,"column":23},"end":{"line":228,"column":24}},"loc":{"start":{"line":228,"column":38},"end":{"line":274,"column":3}},"line":228},"15":{"name":"(anonymous_15)","decl":{"start":{"line":277,"column":27},"end":{"line":277,"column":28}},"loc":{"start":{"line":277,"column":38},"end":{"line":284,"column":1}},"line":277}},"branchMap":{"0":{"loc":{"start":{"line":7,"column":6},"end":{"line":54,"column":7}},"type":"if","locations":[{"start":{"line":7,"column":6},"end":{"line":54,"column":7}},{"start":{"line":7,"column":6},"end":{"line":54,"column":7}}],"line":7},"1":{"loc":{"start":{"line":7,"column":10},"end":{"line":7,"column":22}},"type":"binary-expr","locations":[{"start":{"line":7,"column":10},"end":{"line":7,"column":13}},{"start":{"line":7,"column":17},"end":{"line":7,"column":22}}],"line":7},"2":{"loc":{"start":{"line":8,"column":8},"end":{"line":17,"column":9}},"type":"if","locations":[{"start":{"line":8,"column":8},"end":{"line":17,"column":9}},{"start":{"line":8,"column":8},"end":{"line":17,"column":9}}],"line":8},"3":{"loc":{"start":{"line":19,"column":8},"end":{"line":53,"column":9}},"type":"if","locations":[{"start":{"line":19,"column":8},"end":{"line":53,"column":9}},{"start":{"line":19,"column":8},"end":{"line":53,"column":9}}],"line":19},"4":{"loc":{"start":{"line":19,"column":12},"end":{"line":19,"column":44}},"type":"binary-expr","locations":[{"start":{"line":19,"column":12},"end":{"line":19,"column":24}},{"start":{"line":19,"column":28},"end":{"line":19,"column":44}}],"line":19},"5":{"loc":{"start":{"line":35,"column":25},"end":{"line":40,"column":23}},"type":"cond-expr","locations":[{"start":{"line":35,"column":43},"end":{"line":40,"column":17}},{"start":{"line":40,"column":21},"end":{"line":40,"column":23}}],"line":35},"6":{"loc":{"start":{"line":41,"column":27},"end":{"line":41,"column":72}},"type":"cond-expr","locations":[{"start":{"line":41,"column":49},"end":{"line":41,"column":68}},{"start":{"line":41,"column":71},"end":{"line":41,"column":72}}],"line":41},"7":{"loc":{"start":{"line":60,"column":6},"end":{"line":91,"column":7}},"type":"if","locations":[{"start":{"line":60,"column":6},"end":{"line":91,"column":7}},{"start":{"line":60,"column":6},"end":{"line":91,"column":7}}],"line":60},"8":{"loc":{"start":{"line":60,"column":10},"end":{"line":60,"column":22}},"type":"binary-expr","locations":[{"start":{"line":60,"column":10},"end":{"line":60,"column":13}},{"start":{"line":60,"column":17},"end":{"line":60,"column":22}}],"line":60},"9":{"loc":{"start":{"line":61,"column":8},"end":{"line":70,"column":9}},"type":"if","locations":[{"start":{"line":61,"column":8},"end":{"line":70,"column":9}},{"start":{"line":61,"column":8},"end":{"line":70,"column":9}}],"line":61},"10":{"loc":{"start":{"line":72,"column":8},"end":{"line":90,"column":9}},"type":"if","locations":[{"start":{"line":72,"column":8},"end":{"line":90,"column":9}},{"start":{"line":72,"column":8},"end":{"line":90,"column":9}}],"line":72},"11":{"loc":{"start":{"line":72,"column":12},"end":{"line":72,"column":44}},"type":"binary-expr","locations":[{"start":{"line":72,"column":12},"end":{"line":72,"column":24}},{"start":{"line":72,"column":28},"end":{"line":72,"column":44}}],"line":72},"12":{"loc":{"start":{"line":97,"column":6},"end":{"line":150,"column":7}},"type":"if","locations":[{"start":{"line":97,"column":6},"end":{"line":150,"column":7}},{"start":{"line":97,"column":6},"end":{"line":150,"column":7}}],"line":97},"13":{"loc":{"start":{"line":97,"column":10},"end":{"line":97,"column":22}},"type":"binary-expr","locations":[{"start":{"line":97,"column":10},"end":{"line":97,"column":13}},{"start":{"line":97,"column":17},"end":{"line":97,"column":22}}],"line":97},"14":{"loc":{"start":{"line":98,"column":8},"end":{"line":105,"column":9}},"type":"if","locations":[{"start":{"line":98,"column":8},"end":{"line":105,"column":9}},{"start":{"line":98,"column":8},"end":{"line":105,"column":9}}],"line":98},"15":{"loc":{"start":{"line":107,"column":8},"end":{"line":149,"column":9}},"type":"if","locations":[{"start":{"line":107,"column":8},"end":{"line":149,"column":9}},{"start":{"line":107,"column":8},"end":{"line":149,"column":9}}],"line":107},"16":{"loc":{"start":{"line":107,"column":12},"end":{"line":107,"column":44}},"type":"binary-expr","locations":[{"start":{"line":107,"column":12},"end":{"line":107,"column":24}},{"start":{"line":107,"column":28},"end":{"line":107,"column":44}}],"line":107},"17":{"loc":{"start":{"line":109,"column":10},"end":{"line":111,"column":11}},"type":"if","locations":[{"start":{"line":109,"column":10},"end":{"line":111,"column":11}},{"start":{"line":109,"column":10},"end":{"line":111,"column":11}}],"line":109},"18":{"loc":{"start":{"line":116,"column":12},"end":{"line":129,"column":13}},"type":"if","locations":[{"start":{"line":116,"column":12},"end":{"line":129,"column":13}},{"start":{"line":116,"column":12},"end":{"line":129,"column":13}}],"line":116},"19":{"loc":{"start":{"line":117,"column":14},"end":{"line":128,"column":15}},"type":"if","locations":[{"start":{"line":117,"column":14},"end":{"line":128,"column":15}},{"start":{"line":117,"column":14},"end":{"line":128,"column":15}}],"line":117},"20":{"loc":{"start":{"line":132,"column":10},"end":{"line":134,"column":11}},"type":"if","locations":[{"start":{"line":132,"column":10},"end":{"line":134,"column":11}},{"start":{"line":132,"column":10},"end":{"line":134,"column":11}}],"line":132},"21":{"loc":{"start":{"line":132,"column":14},"end":{"line":132,"column":57}},"type":"binary-expr","locations":[{"start":{"line":132,"column":14},"end":{"line":132,"column":39}},{"start":{"line":132,"column":43},"end":{"line":132,"column":57}}],"line":132},"22":{"loc":{"start":{"line":156,"column":4},"end":{"line":198,"column":5}},"type":"if","locations":[{"start":{"line":156,"column":4},"end":{"line":198,"column":5}},{"start":{"line":156,"column":4},"end":{"line":198,"column":5}}],"line":156},"23":{"loc":{"start":{"line":156,"column":8},"end":{"line":156,"column":20}},"type":"binary-expr","locations":[{"start":{"line":156,"column":8},"end":{"line":156,"column":11}},{"start":{"line":156,"column":15},"end":{"line":156,"column":20}}],"line":156},"24":{"loc":{"start":{"line":157,"column":6},"end":{"line":165,"column":7}},"type":"if","locations":[{"start":{"line":157,"column":6},"end":{"line":165,"column":7}},{"start":{"line":157,"column":6},"end":{"line":165,"column":7}}],"line":157},"25":{"loc":{"start":{"line":172,"column":8},"end":{"line":182,"column":9}},"type":"if","locations":[{"start":{"line":172,"column":8},"end":{"line":182,"column":9}},{"start":{"line":172,"column":8},"end":{"line":182,"column":9}}],"line":172},"26":{"loc":{"start":{"line":173,"column":10},"end":{"line":181,"column":11}},"type":"if","locations":[{"start":{"line":173,"column":10},"end":{"line":181,"column":11}},{"start":{"line":173,"column":10},"end":{"line":181,"column":11}}],"line":173},"27":{"loc":{"start":{"line":185,"column":6},"end":{"line":187,"column":7}},"type":"if","locations":[{"start":{"line":185,"column":6},"end":{"line":187,"column":7}},{"start":{"line":185,"column":6},"end":{"line":187,"column":7}}],"line":185},"28":{"loc":{"start":{"line":204,"column":4},"end":{"line":223,"column":5}},"type":"if","locations":[{"start":{"line":204,"column":4},"end":{"line":223,"column":5}},{"start":{"line":204,"column":4},"end":{"line":223,"column":5}}],"line":204},"29":{"loc":{"start":{"line":204,"column":8},"end":{"line":204,"column":20}},"type":"binary-expr","locations":[{"start":{"line":204,"column":8},"end":{"line":204,"column":11}},{"start":{"line":204,"column":15},"end":{"line":204,"column":20}}],"line":204},"30":{"loc":{"start":{"line":205,"column":6},"end":{"line":209,"column":7}},"type":"if","locations":[{"start":{"line":205,"column":6},"end":{"line":209,"column":7}},{"start":{"line":205,"column":6},"end":{"line":209,"column":7}}],"line":205},"31":{"loc":{"start":{"line":212,"column":6},"end":{"line":221,"column":7}},"type":"if","locations":[{"start":{"line":212,"column":6},"end":{"line":221,"column":7}},{"start":{"line":212,"column":6},"end":{"line":221,"column":7}}],"line":212},"32":{"loc":{"start":{"line":214,"column":10},"end":{"line":217,"column":11}},"type":"if","locations":[{"start":{"line":214,"column":10},"end":{"line":217,"column":11}},{"start":{"line":214,"column":10},"end":{"line":217,"column":11}}],"line":214},"33":{"loc":{"start":{"line":229,"column":4},"end":{"line":273,"column":5}},"type":"if","locations":[{"start":{"line":229,"column":4},"end":{"line":273,"column":5}},{"start":{"line":229,"column":4},"end":{"line":273,"column":5}}],"line":229},"34":{"loc":{"start":{"line":229,"column":8},"end":{"line":229,"column":20}},"type":"binary-expr","locations":[{"start":{"line":229,"column":8},"end":{"line":229,"column":11}},{"start":{"line":229,"column":15},"end":{"line":229,"column":20}}],"line":229},"35":{"loc":{"start":{"line":230,"column":6},"end":{"line":234,"column":7}},"type":"if","locations":[{"start":{"line":230,"column":6},"end":{"line":234,"column":7}},{"start":{"line":230,"column":6},"end":{"line":234,"column":7}}],"line":230},"36":{"loc":{"start":{"line":237,"column":6},"end":{"line":239,"column":7}},"type":"if","locations":[{"start":{"line":237,"column":6},"end":{"line":239,"column":7}},{"start":{"line":237,"column":6},"end":{"line":239,"column":7}}],"line":237},"37":{"loc":{"start":{"line":244,"column":8},"end":{"line":261,"column":9}},"type":"if","locations":[{"start":{"line":244,"column":8},"end":{"line":261,"column":9}},{"start":{"line":244,"column":8},"end":{"line":261,"column":9}}],"line":244},"38":{"loc":{"start":{"line":245,"column":10},"end":{"line":260,"column":11}},"type":"if","locations":[{"start":{"line":245,"column":10},"end":{"line":260,"column":11}},{"start":{"line":245,"column":10},"end":{"line":260,"column":11}}],"line":245},"39":{"loc":{"start":{"line":264,"column":6},"end":{"line":266,"column":7}},"type":"if","locations":[{"start":{"line":264,"column":6},"end":{"line":266,"column":7}},{"start":{"line":264,"column":6},"end":{"line":266,"column":7}}],"line":264}},"s":{"0":1,"1":0,"2":0,"3":0,"4":0,"5":0,"6":0,"7":0,"8":0,"9":0,"10":1,"11":0,"12":0,"13":0,"14":0,"15":0,"16":0,"17":0,"18":0,"19":1,"20":0,"21":0,"22":0,"23":0,"24":0,"25":0,"26":0,"27":0,"28":0,"29":0,"30":0,"31":0,"32":0,"33":0,"34":0,"35":0,"36":0,"37":0,"38":0,"39":0,"40":0,"41":0,"42":0,"43":0,"44":1,"45":0,"46":0,"47":0,"48":0,"49":0,"50":0,"51":0,"52":0,"53":0,"54":0,"55":0,"56":0,"57":0,"58":0,"59":0,"60":0,"61":0,"62":0,"63":0,"64":0,"65":0,"66":0,"67":0,"68":0,"69":1,"70":0,"71":0,"72":0,"73":0,"74":0,"75":0,"76":0,"77":0,"78":0,"79":0,"80":0,"81":0,"82":0,"83":0,"84":1,"85":0,"86":0,"87":0,"88":0,"89":0,"90":0,"91":0,"92":0,"93":0,"94":0,"95":0,"96":0,"97":0,"98":0,"99":0,"100":0,"101":0,"102":0,"103":0,"104":0,"105":0,"106":0,"107":0,"108":0,"109":1,"110":1,"111":1,"112":1,"113":0},"f":{"0":0,"1":0,"2":0,"3":0,"4":0,"5":0,"6":0,"7":0,"8":0,"9":0,"10":0,"11":0,"12":0,"13":0,"14":0,"15":1},"b":{"0":[0,0],"1":[0,0],"2":[0,0],"3":[0,0],"4":[0,0],"5":[0,0],"6":[0,0],"7":[0,0],"8":[0,0],"9":[0,0],"10":[0,0],"11":[0,0],"12":[0,0],"13":[0,0],"14":[0,0],"15":[0,0],"16":[0,0],"17":[0,0],"18":[0,0],"19":[0,0],"20":[0,0],"21":[0,0],"22":[0,0],"23":[0,0],"24":[0,0],"25":[0,0],"26":[0,0],"27":[0,0],"28":[0,0],"29":[0,0],"30":[0,0],"31":[0,0],"32":[0,0],"33":[0,0],"34":[0,0],"35":[0,0],"36":[0,0],"37":[0,0],"38":[0,0],"39":[0,0]},"_coverageSchema":"332fd63041d2c1bcb487cc26dd0d5f7d97098a6c","hash":"c23cd8f3fae45791f91160001cf9355a9bc58c2d","contentHash":"3e3a597f1256bd37b7a551b76235fdba_11.1.0"},"C:\\Users\\Charity\\Desktop\\KajKai\\query\\view-user\\app.js":{"path":"C:\\Users\\Charity\\Desktop\\KajKai\\query\\view-user\\app.js","statementMap":{"0":{"start":{"line":9,"column":12},"end":{"line":9,"column":21}},"1":{"start":{"line":11,"column":20},"end":{"line":14,"column":1}},"2":{"start":{"line":18,"column":0},"end":{"line":28,"column":2}},"3":{"start":{"line":19,"column":25},"end":{"line":19,"column":76}},"4":{"start":{"line":20,"column":17},"end":{"line":20,"column":35}},"5":{"start":{"line":21,"column":2},"end":{"line":23,"column":3}},"6":{"start":{"line":22,"column":7},"end":{"line":22,"column":53}},"7":{"start":{"line":24,"column":2},"end":{"line":24,"column":79}},"8":{"start":{"line":25,"column":2},"end":{"line":25,"column":75}},"9":{"start":{"line":26,"column":2},"end":{"line":26,"column":54}},"10":{"start":{"line":27,"column":2},"end":{"line":27,"column":8}},"11":{"start":{"line":29,"column":0},"end":{"line":29,"column":23}},"12":{"start":{"line":30,"column":0},"end":{"line":30,"column":26}},"13":{"start":{"line":31,"column":0},"end":{"line":31,"column":50}},"14":{"start":{"line":34,"column":0},"end":{"line":42,"column":1}},"15":{"start":{"line":35,"column":19},"end":{"line":35,"column":34}},"16":{"start":{"line":36,"column":2},"end":{"line":41,"column":3}},"17":{"start":{"line":37,"column":18},"end":{"line":37,"column":43}},"18":{"start":{"line":38,"column":17},"end":{"line":38,"column":79}},"19":{"start":{"line":40,"column":4},"end":{"line":40,"column":64}}},"fnMap":{"0":{"name":"(anonymous_0)","decl":{"start":{"line":18,"column":8},"end":{"line":18,"column":9}},"loc":{"start":{"line":18,"column":28},"end":{"line":28,"column":1}},"line":18}},"branchMap":{"0":{"loc":{"start":{"line":21,"column":2},"end":{"line":23,"column":3}},"type":"if","locations":[{"start":{"line":21,"column":2},"end":{"line":23,"column":3}},{"start":{"line":21,"column":2},"end":{"line":23,"column":3}}],"line":21},"1":{"loc":{"start":{"line":40,"column":29},"end":{"line":40,"column":53}},"type":"binary-expr","locations":[{"start":{"line":40,"column":29},"end":{"line":40,"column":47}},{"start":{"line":40,"column":51},"end":{"line":40,"column":53}}],"line":40}},"s":{"0":1,"1":1,"2":1,"3":3,"4":3,"5":3,"6":0,"7":3,"8":3,"9":3,"10":3,"11":1,"12":1,"13":1,"14":1,"15":9,"16":9,"17":12,"18":12,"19":12},"f":{"0":3},"b":{"0":[0,3],"1":[12,3]},"_coverageSchema":"332fd63041d2c1bcb487cc26dd0d5f7d97098a6c","hash":"8ebb75a5c4408f01a04c1deb147494fce429bd5d","contentHash":"51dae9da3566066e1e25655a9c5d1cbd_11.1.0"},"C:\\Users\\Charity\\Desktop\\KajKai\\query\\view-user\\routes.js":{"path":"C:\\Users\\Charity\\Desktop\\KajKai\\query\\view-user\\routes.js","statementMap":{},"fnMap":{},"branchMap":{},"s":{},"f":{},"b":{},"_coverageSchema":"332fd63041d2c1bcb487cc26dd0d5f7d97098a6c","hash":"b85cbc77d046510689d80843d78977669a5a5159","contentHash":"d205723c021e04943df67a0f00dd6ee7_11.1.0"},"C:\\Users\\Charity\\Desktop\\KajKai\\query\\view-user\\middlewares\\auth.js":{"path":"C:\\Users\\Charity\\Desktop\\KajKai\\query\\view-user\\middlewares\\auth.js","statementMap":{"0":{"start":{"line":3,"column":13},"end":{"line":21,"column":1}},"1":{"start":{"line":4,"column":4},"end":{"line":20,"column":5}},"2":{"start":{"line":5,"column":22},"end":{"line":5,"column":39}},"3":{"start":{"line":6,"column":8},"end":{"line":6,"column":38}},"4":{"start":{"line":7,"column":8},"end":{"line":19,"column":9}},"5":{"start":{"line":8,"column":12},"end":{"line":8,"column":42}},"6":{"start":{"line":9,"column":12},"end":{"line":9,"column":18}},"7":{"start":{"line":11,"column":26},"end":{"line":11,"column":44}},"8":{"start":{"line":12,"column":12},"end":{"line":18,"column":13}},"9":{"start":{"line":13,"column":16},"end":{"line":13,"column":37}},"10":{"start":{"line":14,"column":16},"end":{"line":14,"column":22}},"11":{"start":{"line":16,"column":14},"end":{"line":16,"column":44}},"12":{"start":{"line":17,"column":14},"end":{"line":17,"column":20}}},"fnMap":{"0":{"name":"(anonymous_0)","decl":{"start":{"line":3,"column":13},"end":{"line":3,"column":14}},"loc":{"start":{"line":3,"column":19},"end":{"line":21,"column":1}},"line":3},"1":{"name":"(anonymous_1)","decl":{"start":{"line":4,"column":11},"end":{"line":4,"column":12}},"loc":{"start":{"line":4,"column":31},"end":{"line":20,"column":5}},"line":4}},"branchMap":{"0":{"loc":{"start":{"line":7,"column":8},"end":{"line":19,"column":9}},"type":"if","locations":[{"start":{"line":7,"column":8},"end":{"line":19,"column":9}},{"start":{"line":7,"column":8},"end":{"line":19,"column":9}}],"line":7},"1":{"loc":{"start":{"line":12,"column":12},"end":{"line":18,"column":13}},"type":"if","locations":[{"start":{"line":12,"column":12},"end":{"line":18,"column":13}},{"start":{"line":12,"column":12},"end":{"line":18,"column":13}}],"line":12}},"s":{"0":1,"1":9,"2":0,"3":0,"4":0,"5":0,"6":0,"7":0,"8":0,"9":0,"10":0,"11":0,"12":0},"f":{"0":9,"1":0},"b":{"0":[0,0],"1":[0,0]},"_coverageSchema":"332fd63041d2c1bcb487cc26dd0d5f7d97098a6c","hash":"e274d05c481eb32e38510e481967cf8d9cee8a13","contentHash":"446a45714b09fc204478251e00d5b681_11.1.0"},"C:\\Users\\Charity\\Desktop\\KajKai\\query\\view-user\\controllers\\UserController.js":{"path":"C:\\Users\\Charity\\Desktop\\KajKai\\query\\view-user\\controllers\\UserController.js","statementMap":{"0":{"start":{"line":3,"column":30},"end":{"line":26,"column":1}},"1":{"start":{"line":3,"column":36},"end":{"line":26,"column":1}},"2":{"start":{"line":4,"column":28},"end":{"line":4,"column":38}},"3":{"start":{"line":5,"column":20},"end":{"line":5,"column":35}},"4":{"start":{"line":7,"column":2},"end":{"line":9,"column":3}},"5":{"start":{"line":8,"column":4},"end":{"line":8,"column":29}},"6":{"start":{"line":10,"column":2},"end":{"line":10,"column":44}},"7":{"start":{"line":12,"column":2},"end":{"line":25,"column":4}},"8":{"start":{"line":13,"column":4},"end":{"line":24,"column":5}},"9":{"start":{"line":14,"column":6},"end":{"line":21,"column":7}},"10":{"start":{"line":15,"column":8},"end":{"line":18,"column":10}},"11":{"start":{"line":20,"column":8},"end":{"line":20,"column":22}},"12":{"start":{"line":23,"column":6},"end":{"line":23,"column":36}},"13":{"start":{"line":28,"column":37},"end":{"line":47,"column":1}},"14":{"start":{"line":28,"column":43},"end":{"line":47,"column":1}},"15":{"start":{"line":29,"column":28},"end":{"line":29,"column":38}},"16":{"start":{"line":30,"column":20},"end":{"line":30,"column":35}},"17":{"start":{"line":32,"column":2},"end":{"line":34,"column":3}},"18":{"start":{"line":33,"column":4},"end":{"line":33,"column":29}},"19":{"start":{"line":36,"column":2},"end":{"line":46,"column":3}},"20":{"start":{"line":37,"column":4},"end":{"line":37,"column":41}},"21":{"start":{"line":39,"column":4},"end":{"line":45,"column":6}},"22":{"start":{"line":40,"column":6},"end":{"line":44,"column":7}},"23":{"start":{"line":41,"column":8},"end":{"line":41,"column":29}},"24":{"start":{"line":43,"column":8},"end":{"line":43,"column":38}},"25":{"start":{"line":49,"column":39},"end":{"line":71,"column":1}},"26":{"start":{"line":49,"column":45},"end":{"line":71,"column":1}},"27":{"start":{"line":50,"column":28},"end":{"line":50,"column":38}},"28":{"start":{"line":51,"column":20},"end":{"line":51,"column":35}},"29":{"start":{"line":53,"column":2},"end":{"line":55,"column":3}},"30":{"start":{"line":54,"column":4},"end":{"line":54,"column":29}},"31":{"start":{"line":57,"column":19},"end":{"line":57,"column":28}},"32":{"start":{"line":58,"column":2},"end":{"line":62,"column":3}},"33":{"start":{"line":59,"column":4},"end":{"line":59,"column":24}},"34":{"start":{"line":61,"column":4},"end":{"line":61,"column":39}},"35":{"start":{"line":64,"column":2},"end":{"line":70,"column":4}},"36":{"start":{"line":65,"column":4},"end":{"line":69,"column":5}},"37":{"start":{"line":66,"column":6},"end":{"line":66,"column":29}},"38":{"start":{"line":68,"column":6},"end":{"line":68,"column":36}},"39":{"start":{"line":73,"column":39},"end":{"line":96,"column":1}},"40":{"start":{"line":73,"column":45},"end":{"line":96,"column":1}},"41":{"start":{"line":74,"column":22},"end":{"line":74,"column":37}},"42":{"start":{"line":75,"column":27},"end":{"line":75,"column":36}},"43":{"start":{"line":76,"column":2},"end":{"line":80,"column":3}},"44":{"start":{"line":77,"column":4},"end":{"line":77,"column":24}},"45":{"start":{"line":79,"column":4},"end":{"line":79,"column":39}},"46":{"start":{"line":81,"column":2},"end":{"line":95,"column":3}},"47":{"start":{"line":82,"column":4},"end":{"line":86,"column":6}},"48":{"start":{"line":88,"column":4},"end":{"line":94,"column":6}},"49":{"start":{"line":89,"column":6},"end":{"line":9
[...]
d":{"line":56,"column":17}},"loc":{"start":{"line":56,"column":22},"end":{"line":56,"column":24}},"line":56},"8":{"name":"(anonymous_8)","decl":{"start":{"line":60,"column":16},"end":{"line":60,"column":17}},"loc":{"start":{"line":60,"column":32},"end":{"line":91,"column":3}},"line":60},"9":{"name":"(anonymous_9)","decl":{"start":{"line":87,"column":21},"end":{"line":87,"column":22}},"loc":{"start":{"line":87,"column":27},"end":{"line":87,"column":29}},"line":87}},"branchMap":{"0":{"loc":{"start":{"line":16,"column":4},"end":{"line":26,"column":5}},"type":"if","locations":[{"start":{"line":16,"column":4},"end":{"line":26,"column":5}},{"start":{"line":16,"column":4},"end":{"line":26,"column":5}}],"line":16},"1":{"loc":{"start":{"line":18,"column":6},"end":{"line":20,"column":7}},"type":"if","locations":[{"start":{"line":18,"column":6},"end":{"line":20,"column":7}},{"start":{"line":18,"column":6},"end":{"line":20,"column":7}}],"line":18},"2":{"loc":{"start":{"line":34,"column":2},"end":{"line":34,"column":49}},"type":"if","locations":[{"start":{"line":34,"column":2},"end":{"line":34,"column":49}},{"start":{"line":34,"column":2},"end":{"line":34,"column":49}}],"line":34},"3":{"loc":{"start":{"line":35,"column":2},"end":{"line":35,"column":49}},"type":"if","locations":[{"start":{"line":35,"column":2},"end":{"line":35,"column":49}},{"start":{"line":35,"column":2},"end":{"line":35,"column":49}}],"line":35},"4":{"loc":{"start":{"line":36,"column":2},"end":{"line":36,"column":43}},"type":"if","locations":[{"start":{"line":36,"column":2},"end":{"line":36,"column":43}},{"start":{"line":36,"column":2},"end":{"line":36,"column":43}}],"line":36},"5":{"loc":{"start":{"line":41,"column":4},"end":{"line":57,"column":5}},"type":"if","locations":[{"start":{"line":41,"column":4},"end":{"line":57,"column":5}},{"start":{"line":41,"column":4},"end":{"line":57,"column":5}}],"line":41},"6":{"loc":{"start":{"line":43,"column":6},"end":{"line":45,"column":7}},"type":"if","locations":[{"start":{"line":43,"column":6},"end":{"line":45,"column":7}},{"start":{"line":43,"column":6},"end":{"line":45,"column":7}}],"line":43},"7":{"loc":{"start":{"line":47,"column":8},"end":{"line":52,"column":9}},"type":"if","locations":[{"start":{"line":47,"column":8},"end":{"line":52,"column":9}},{"start":{"line":47,"column":8},"end":{"line":52,"column":9}}],"line":47},"8":{"loc":{"start":{"line":61,"column":4},"end":{"line":90,"column":5}},"type":"if","locations":[{"start":{"line":61,"column":4},"end":{"line":90,"column":5}},{"start":{"line":61,"column":4},"end":{"line":90,"column":5}}],"line":61},"9":{"loc":{"start":{"line":65,"column":8},"end":{"line":88,"column":9}},"type":"if","locations":[{"start":{"line":65,"column":8},"end":{"line":88,"column":9}},{"start":{"line":65,"column":8},"end":{"line":88,"column":9}}],"line":65},"10":{"loc":{"start":{"line":68,"column":12},"end":{"line":73,"column":13}},"type":"if","locations":[{"start":{"line":68,"column":12},"end":{"line":73,"column":13}},{"start":{"line":68,"column":12},"end":{"line":73,"column":13}}],"line":68},"11":{"loc":{"start":{"line":74,"column":12},"end":{"line":83,"column":13}},"type":"if","locations":[{"start":{"line":74,"column":12},"end":{"line":83,"column":13}},{"start":{"line":74,"column":12},"end":{"line":83,"column":13}}],"line":74},"12":{"loc":{"start":{"line":77,"column":16},"end":{"line":80,"column":17}},"type":"if","locations":[{"start":{"line":77,"column":16},"end":{"line":80,"column":17}},{"start":{"line":77,"column":16},"end":{"line":80,"column":17}}],"line":77}},"s":{"0":1,"1":0,"2":0,"3":0,"4":0,"5":0,"6":0,"7":0,"8":0,"9":0,"10":0,"11":0,"12":1,"13":0,"14":0,"15":0,"16":0,"17":0,"18":0,"19":0,"20":0,"21":0,"22":0,"23":0,"24":0,"25":0,"26":0,"27":0,"28":0,"29":0,"30":0,"31":0,"32":0,"33":0,"34":0,"35":0,"36":0,"37":0,"38":0,"39":0,"40":0,"41":0,"42":0,"43":0,"44":0,"45":0,"46":0,"47":0,"48":0,"49":0,"50":0,"51":0,"52":0,"53":0,"54":0,"55":0,"56":0,"57":0},"f":{"0":0,"1":0,"2":0,"3":0,"4":0,"5":0,"6":0,"7":0,"8":0,"9":0},"b":{"0":[0,0],"1":[0,0],"2":[0,0],"3":[0,0],"4":[0,0],"5":[0,0],"6":[0,0],"7":[0,0],"8":[0,0],"9":[0,0],"10":[0,0],"11":[0,0],"12":[0,0]},"_coverageSchema":"332fd63041d2c1bcb487cc26dd0d5f7d97098a6c","hash":"2ce9f21691a58af3ef2ccf772a7981b170677a61","contentHash":"7a20fd9e144eba2c2678ad53a5c76e04_11.1.0"},"C:\\Users\\Charity\\Desktop\\KajKai\\query\\view-user\\controllers\\UserSubController.js":{"path":"C:\\Users\\Charity\\Desktop\\KajKai\\query\\view-user\\controllers\\UserSubController.js","statementMap":{"0":{"start":{"line":3,"column":26},"end":{"line":16,"column":1}},"1":{"start":{"line":4,"column":67},"end":{"line":4,"column":79}},"2":{"start":{"line":5,"column":15},"end":{"line":5,"column":31}},"3":{"start":{"line":7,"column":2},"end":{"line":7,"column":40}},"4":{"start":{"line":7,"column":16},"end":{"line":7,"column":40}},"5":{"start":{"line":8,"column":2},"end":{"line":8,"column":31}},"6":{"start":{"line":8,"column":13},"end":{"line":8,"column":31}},"7":{"start":{"line":9,"column":2},"end":{"line":9,"column":43}},"8":{"start":{"line":9,"column":17},"end":{"line":9,"column":43}},"9":{"start":{"line":10,"column":2},"end":{"line":13,"column":5}},"10":{"start":{"line":10,"column":17},"end":{"line":13,"column":5}},"11":{"start":{"line":10,"column":60},"end":{"line":13,"column":3}},"12":{"start":{"line":15,"column":2},"end":{"line":15,"column":21}},"13":{"start":{"line":18,"column":26},"end":{"line":74,"column":1}},"14":{"start":{"line":19,"column":126},"end":{"line":19,"column":138}},"15":{"start":{"line":20,"column":15},"end":{"line":20,"column":17}},"16":{"start":{"line":22,"column":2},"end":{"line":22,"column":40}},"17":{"start":{"line":22,"column":16},"end":{"line":22,"column":40}},"18":{"start":{"line":23,"column":2},"end":{"line":23,"column":43}},"19":{"start":{"line":23,"column":17},"end":{"line":23,"column":43}},"20":{"start":{"line":24,"column":2},"end":{"line":24,"column":40}},"21":{"start":{"line":24,"column":16},"end":{"line":24,"column":40}},"22":{"start":{"line":25,"column":2},"end":{"line":28,"column":5}},"23":{"start":{"line":25,"column":17},"end":{"line":28,"column":5}},"24":{"start":{"line":25,"column":60},"end":{"line":28,"column":3}},"25":{"start":{"line":29,"column":2},"end":{"line":29,"column":37}},"26":{"start":{"line":29,"column":15},"end":{"line":29,"column":37}},"27":{"start":{"line":30,"column":2},"end":{"line":30,"column":31}},"28":{"start":{"line":30,"column":13},"end":{"line":30,"column":31}},"29":{"start":{"line":31,"column":2},"end":{"line":31,"column":40}},"30":{"start":{"line":31,"column":16},"end":{"line":31,"column":40}},"31":{"start":{"line":32,"column":2},"end":{"line":32,"column":25}},"32":{"start":{"line":32,"column":11},"end":{"line":32,"column":25}},"33":{"start":{"line":33,"column":2},"end":{"line":33,"column":49}},"34":{"start":{"line":33,"column":19},"end":{"line":33,"column":49}},"35":{"start":{"line":34,"column":2},"end":{"line":41,"column":3}},"36":{"start":{"line":35,"column":24},"end":{"line":35,"column":26}},"37":{"start":{"line":36,"column":41},"end":{"line":36,"column":51}},"38":{"start":{"line":37,"column":4},"end":{"line":37,"column":48}},"39":{"start":{"line":37,"column":17},"end":{"line":37,"column":48}},"40":{"start":{"line":38,"column":4},"end":{"line":38,"column":39}},"41":{"start":{"line":38,"column":14},"end":{"line":38,"column":39}},"42":{"start":{"line":39,"column":4},"end":{"line":39,"column":45}},"43":{"start":{"line":39,"column":16},"end":{"line":39,"column":45}},"44":{"start":{"line":40,"column":4},"end":{"line":40,"column":33}},"45":{"start":{"line":43,"column":2},"end":{"line":43,"column":47}},"46":{"start":{"line":44,"column":2},"end":{"line":73,"column":4}},"47":{"start":{"line":45,"column":4},"end":{"line":72,"column":5}},"48":{"start":{"line":46,"column":6},"end":{"line":71,"column":7}},"49":{"start":{"line":47,"column":20},"end":{"line":47,"column":28}},"50":{"start":{"line":48,"column":34},"end":{"line":48,"column":39}},"51":{"start":{"line":49,"column":8},"end":{"line":70,"column":9}},"52":{"start":{"line":50,"column":10},"end":{"line":67,"column":11}},"53":{"start":{"line":51,"column":31},"end":{"line":51,"column":47}},"54":{"start":{"line":52,"column":12},"end":{"line":55,"column":13}},"55":{"start":{"line":53,"column":14},"end":{"line":53,"column":47}},"56":{"start":{"line":54,"column":14},"end":{"line":54,"column":53}},"57":{"start":{"line":56,"column":12},"end":{"line":65,"column":13}},"58":{"start":{"line":57,"column":31},"end":{"line":57,"column":43}},"59":{"start":{"line":58,"column":14},"end":{"line":63,"column":15}},"60":{"start":{"line":59,"column":16},"end":{"line":62,"column":17}},"61":{"start":{"line":60,"column":18},"end":{"line":60,"column":52}},"62":{"start":{"line":61,"column":18},"end":{"line":61,"column":54}},"63":{"start":{"line":64,"column":14},"end":{"line":64,"column":42}},"64":{"start":{"line":66,"column":12},"end":{"line":66,"column":43}},"65":{"start":{"line":68,"column":10},"end":{"line":68,"column":45}},"66":{"start":{"line":69,"column":10},"end":{"line":69,"column":30}},"67":{"start":{"line":76,"column":31},"end":{"line":111,"column":1}},"68":{"start":{"line":77,"column":42},"end":{"line":77,"column":54}},"69":{"start":{"line":79,"column":2},"end":{"line":110,"column":4}},"70":{"start":{"line":80,"column":4},"end":{"line":109,"column":5}},"71":{"start":{"line":81,"column":28},"end":{"line":81,"column":32}},"72":{"start":{"line":83,"column":6},"end":{"line":108,"column":7}},"73":{"start":{"line":84,"column":8},"end":{"line":97,"column":10}},"74":{"start":{"line":85,"column":10},"end":{"line":96,"column":11}},"75":{"start":{"line":86,"column":26},"end":{"line":90,"column":14}},"76":{"start":{"line":92,"column":12},"end":{"line":92,"column":33}},"77":{"start":{"line":94,"column":12},"end":{"line":94,"column":38}},"78":{"start":{"line":95,"column":12},"end":{"line":95,"column":31}},"79":{"start":{"line":99,"column":8},"end":{"line":104,"column":9}},"80":{"start":{"line":100,"column":10},"end":{"line":103,"column":11}},"81":{"start":{"line":101,"column":12},"end":{"line":101,"column":34}},"82":{"start":{"line":102,"column":12},"end":{"line":102,"column":17}},"83":{"start":{"line":106,"column":8},"end":{"line":106,"column":34}},"84":{"start":{"line":107,"column":8},"end":{"line":107,"column":27}}},"fnMap":{"0":{"name":"(anonymous_0)","decl":{"start":{"line":3,"column":26},"end":{"line":3,"column":27}},"loc":{"start":{"line":3,"column":39},"end":{"line":16,"column":1}},"line":3},"1":{"name":"(anonymous_1)","decl":{"start":{"line":10,"column":48},"end":{"line":10,"column":49}},"loc":{"start":{"line":10,"column":60},"end":{"line":13,"column":3}},"line":10},"2":{"name":"(anonymous_2)","decl":{"start":{"line":15,"column":12},"end":{"line":15,"column":13}},"loc":{"start":{"line":15,"column":18},"end":{"line":15,"column":20}},"line":15},"3":{"name":"(anonymous_3)","decl":{"start":{"line":18,"column":26},"end":{"line":18,"column":27}},"loc":{"start":{"line":18,"column":39},"end":{"line":74,"column":1}},"line":18},"4":{"name":"(anonymous_4)","decl":{"start":{"line":25,"column":48},"end":{"line":25,"column":49}},"loc":{"start":{"line":25,"column":60},"end":{"line":28,"column":3}},"line":25},"5":{"name":"(anonymous_5)","decl":{"start":{"line":43,"column":38},"end":{"line":43,"column":39}},"loc":{"start":{"line":43,"column":44},"end":{"line":43,"column":46}},"line":43},"6":{"name":"(anonymous_6)","decl":{"start":{"line":44,"column":16},"end":{"line":44,"column":17}},"loc":{"start":{"line":44,"column":32},"end":{"line":73,"column":3}},"line":44},"7":{"name":"(anonymous_7)","decl":{"start":{"line":69,"column":21},"end":{"line":69,"column":22}},"loc":{"start":{"line":69,"column":27},"end":{"line":69,"column":29}},"line":69},"8":{"name":"(anonymous_8)","decl":{"start":{"line":76,"column":31},"end":{"line":76,"column":32}},"loc":{"start":{"line":76,"column":44},"end":{"line":111,"column":1}},"line":76},"9":{"name":"(anonymous_9)","decl":{"start":{"line":79,"column":23},"end":{"line":79,"column":24}},"loc":{"start":{"line":79,"column":38},"end":{"line":110,"column":3}},"line":79},"10":{"name":"(anonymous_10)","decl":{"start":{"line":84,"column":38},"end":{"line":84,"column":39}},"loc":{"start":{"line":84,"column":53},"end":{"line":97,"column":9}},"line":84},"11":{"name":"(anonymous_11)","decl":{"start":{"line":95,"column":22},"end":{"line":95,"column":23}},"loc":{"start":{"line":95,"column":28},"end":{"line":95,"column":30}},"line":95},"12":{"name":"(anonymous_12)","decl":{"start":{"line":107,"column":18},"end":{"line":107,"column":19}},"loc":{"start":{"line":107,"column":24},"end":{"line":107,"column":26}},"line":107}},"branchMap":{"0":{"loc":{"start":{"line":7,"column":2},"end":{"line":7,"column":40}},"type":"if","locations":[{"start":{"line":7,"column":2},"end":{"line":7,"column":40}},{"start":{"line":7,"column":2},"end":{"line":7,"column":40}}],"line":7},"1":{"loc":{"start":{"line":8,"column":2},"end":{"line":8,"column":31}},"type":"if","locations":[{"start":{"line":8,"column":2},"end":{"line":8,"column":31}},{"start":{"line":8,"column":2},"end":{"line":8,"column":31}}],"line":8},"2":{"loc":{"start":{"line":9,"column":2},"end":{"line":9,"column":43}},"type":"if","locations":[{"start":{"line":9,"column":2},"end":{"line":9,"column":43}},{"start":{"line":9,"column":2},"end":{"line":9,"column":43}}],"line":9},"3":{"loc":{"start":{"line":10,"column":2},"end":{"line":13,"column":5}},"type":"if","locations":[{"start":{"line":10,"column":2},"end":{"line":13,"column":5}},{"start":{"line":10,"column":2},"end":{"line":13,"column":5}}],"line":10},"4":{"loc":{"start":{"line":22,"column":2},"end":{"line":22,"column":40}},"type":"if","locations":[{"start":{"line":22,"column":2},"end":{"line":22,"column":40}},{"start":{"line":22,"column":2},"end":{"line":22,"column":40}}],"line":22},"5":{"loc":{"start":{"line":23,"column":2},"end":{"line":23,"column":43}},"type":"if","locations":[{"start":{"line":23,"column":2},"end":{"line":23,"column":43}},{"start":{"line":23,"column":2},"end":{"line":23,"column":43}}],"line":23},"6":{"loc":{"start":{"line":24,"column":2},"end":{"line":24,"column":40}},"type":"if","locations":[{"start":{"line":24,"column":2},"end":{"line":24,"column":40}},{"start":{"line":24,"column":2},"end":{"line":24,"column":40}}],"line":24},"7":{"loc":{"start":{"line":25,"column":2},"end":{"line":28,"column":5}},"type":"if","locations":[{"start":{"line":25,"column":2},"end":{"line":28,"column":5}},{"start":{"line":25,"column":2},"end":{"line":28,"column":5}}],"line":25},"8":{"loc":{"start":{"line":29,"column":2},"end":{"line":29,"column":37}},"type":"if","locations":[{"start":{"line":29,"column":2},"end":{"line":29,"column":37}},{"start":{"line":29,"column":2},"end":{"line":29,"column":37}}],"line":29},"9":{"loc":{"start":{"line":30,"column":2},"end":{"line":30,"column":31}},"type":"if","locations":[{"start":{"line":30,"column":2},"end":{"line":30,"column":31}},{"start":{"line":30,"column":2},"end":{"line":30,"column":31}}],"line":30},"10":{"loc":{"start":{"line":31,"column":2},"end":{"line":31,"column":40}},"type":"if","locations":[{"start":{"line":31,"column":2},"end":{"line":31,"column":40}},{"start":{"line":31,"column":2},"end":{"line":31,"column":40}}],"line":31},"11":{"loc":{"start":{"line":32,"column":2},"end":{"line":32,"column":25}},"type":"if","locations":[{"start":{"line":32,"column":2},"end":{"line":32,"column":25}},{"start":{"line":32,"column":2},"end":{"line":32,"column":25}}],"line":32},"12":{"loc":{"start":{"line":33,"column":2},"end":{"line":33,"column":49}},"type":"if","locations":[{"start":{"line":33,"column":2},"end":{"line":33,"column":49}},{"start":{"line":33,"column":2},"end":{"line":33,"column":49}}],"line":33},"13":{"loc":{"start":{"line":34,"column":2},"end":{"line":41,"column":3}},"type":"if","locations":[{"start":{"line":34,"column":2},"end":{"line":41,"column":3}},{"start":{"line":34,"column":2},"end":{"line":41,"column":3}}],"line":34},"14":{"loc":{"start":{"line":37,"column":4},"end":{"line":37,"column":48}},"type":"if","locations":[{"start":{"line":37,"column":4},"end":{"line":37,"column":48}},{"start":{"line":37,"column":4},"end":{"line":37,"column":48}}],"line":37},"15":{"loc":{"start":{"line":38,"column":4},"end":{"line":38,"column":39}},"type":"if","locations":[{"start":{"line":38,"column":4},"end":{"line":38,"column":39}},{"start":{"line":38,"column":4},"end":{"line":38,"column":39}}],"line":38},"16":{"loc":{"start":{"line":39,"column":4},"end":{"line":39,"column":45}},"type":"if","locations":[{"start":{"line":39,"column":4},"end":{"line":39,"column":45}},{"start":{"line":39,"column":4},"end":{"line":39,"column":45}}],"line":39},"17":{"loc":{"start":{"line":45,"column":4},"end":{"line":72,"column":5}},"type":"if","locations":[{"start":{"line":45,"column":4},"end":{"line":72,"column":5}},{"start":{"line":45,"column":4},"end":{"line":72,"column":5}}],"line":45},"18":{"loc":{"start":{"line":49,"column":8},"end":{"line":70,"column":9}},"type":"if","locations":[{"start":{"line":49,"column":8},"end":{"line":70,"column":9}},{"start":{"line":49,"column":8},"end":{"line":70,"column":9}}],"line":49},"19":{"loc":{"start":{"line":52,"column":12},"end":{"line":55,"column":13}},"type":"if","locations":[{"start":{"line":52,"column":12},"end":{"line":55,"column":13}},{"start":{"line":52,"column":12},"end":{"line":55,"column":13}}],"line":52},"20":{"loc":{"start":{"line":56,"column":12},"end":{"line":65,"column":13}},"type":"if","locations":[{"start":{"line":56,"column":12},"end":{"line":65,"column":13}},{"start":{"line":56,"column":12},"end":{"line":65,"column":13}}],"line":56},"21":{"loc":{"start":{"line":59,"column":16},"end":{"line":62,"column":17}},"type":"if","locations":[{"start":{"line":59,"column":16},"end":{"line":62,"column":17}},{"start":{"line":59,"column":16},"end":{"line":62,"column":17}}],"line":59},"22":{"loc":{"start":{"line":80,"column":4},"end":{"line":109,"column":5}},"type":"if","locations":[{"start":{"line":80,"column":4},"end":{"line":109,"column":5}},{"start":{"line":80,"column":4},"end":{"line":109,"column":5}}],"line":80},"23":{"loc":{"start":{"line":83,"column":6},"end":{"line":108,"column":7}},"type":"if","locations":[{"start":{"line":83,"column":6},"end":{"line":108,"column":7}},{"start":{"line":83,"column":6},"end":{"line":108,"column":7}}],"line":83},"24":{"loc":{"start":{"line":85,"column":10},"end":{"line":96,"column":11}},"type":"if","locations":[{"start":{"line":85,"column":10},"end":{"line":96,"column":11}},{"start":{"line":85,"column":10},"end":{"line":96,"column":11}}],"line":85},"25":{"loc":{"start":{"line":100,"column":10},"end":{"line":103,"column":11}},"type":"if","locations":[{"start":{"line":100,"column":10},"end":{"line":103,"column":11}},{"start":{"line":100,"column":10},"end":{"line":103,"column":11}}],"line":100}},"s":{"0":1,"1":0,"2":0,"3":0,"4":0,"5":0,"6":0,"7":0,"8":0,"9":0,"10":0,"11":0,"12":0,"13":1,"14":0,"15":0,"16":0,"17":0,"18":0,"19":0,"20":0,"21":0,"22":0,"23":0,"24":0,"25":0,"26":0,"27":0,"28":0,"29":0,"30":0,"31":0,"32":0,"33":0,"34":0,"35":0,"36":0,"37":0,"38":0,"39":0,"40":0,"41":0,"42":0,"43":0,"44":0,"45":0,"46":0,"47":0,"48":0,"49":0,"50":0,"51":0,"52":0,"53":0,"54":0,"55":0,"56":0,"57":0,"58":0,"59":0,"60":0,"61":0,"62":0,"63":0,"64":0,"65":0,"66":0,"67":1,"68":0,"69":0,"70":0,"71":0,"72":0,"73":0,"74":0,"75":0,"76":0,"77":0,"78":0,"79":0,"80":0,"81":0,"82":0,"83":0,"84":0},"f":{"0":0,"1":0,"2":0,"3":0,"4":0,"5":0,"6":0,"7":0,"8":0,"9":0,"10":0,"11":0,"12":0},"b":{"0":[0,0],"1":[0,0],"2":[0,0],"3":[0,0],"4":[0,0],"5":[0,0],"6":[0,0],"7":[0,0],"8":[0,0],"9":[0,0],"10":[0,0],"11":[0,0],"12":[0,0],"13":[0,0],"14":[0,0],"15":[0,0],"16":[0,0],"17":[0,0],"18":[0,0],"19":[0,0],"20":[0,0],"21":[0,0],"22":[0,0],"23":[0,0],"24":[0,0],"25":[0,0]},"_coverageSchema":"332fd63041d2c1bcb487cc26dd0d5f7d97098a6c","hash":"aea3a41542649855cc034b8a029099f1048b08e8","contentHash":"beea6bf94f0e361371cbab83ed051b45_11.1.0"}}