TN:
SF:C:\users\Charity\Desktop\KajKai\query\view-user\controllers\NotificationPubController.js
FN:5,(anonymous_0)
FNF:1
FNH:0
FNDA:0,(anonymous_0)
DA:5,1
DA:6,0
DA:7,0
DA:13,0
DA:14,0
LF:5
LH:1
BRF:0
BRH:0
end_of_record
TN:
SF:C:\users\Charity\Desktop\KajKai\query\view-user\controllers\TestController.js
FN:3,(anonymous_0)
FN:3,(anonymous_1)
FN:4,(anonymous_2)
FN:12,(anonymous_3)
FN:12,(anonymous_4)
FN:26,(anonymous_5)
FN:35,(anonymous_6)
FN:35,(anonymous_7)
FN:38,(anonymous_8)
FNF:9
FNH:9
FNDA:1,(anonymous_0)
FNDA:1,(anonymous_1)
FNDA:1,(anonymous_2)
FNDA:1,(anonymous_3)
FNDA:1,(anonymous_4)
FNDA:1,(anonymous_5)
FNDA:1,(anonymous_6)
FNDA:1,(anonymous_7)
FNDA:1,(anonymous_8)
DA:3,1
DA:4,1
DA:5,1
DA:12,1
DA:13,1
DA:15,1
DA:20,1
DA:26,1
DA:27,1
DA:35,1
DA:36,1
DA:38,1
DA:39,1
LF:13
LH:13
BRF:0
BRH:0
end_of_record
TN:
SF:C:\users\Charity\Desktop\KajKai\query\view-user\controllers\UserController.js
FN:3,(anonymous_0)
FN:3,(anonymous_1)
FN:12,(anonymous_2)
FN:28,(anonymous_3)
FN:28,(anonymous_4)
FN:39,(anonymous_5)
FN:49,(anonymous_6)
FN:49,(anonymous_7)
FN:64,(anonymous_8)
FN:73,(anonymous_9)
FN:73,(anonymous_10)
FN:88,(anonymous_11)
FN:98,(anonymous_12)
FN:98,(anonymous_13)
FN:107,(anonymous_14)
FN:113,(anonymous_15)
FN:113,(anonymous_16)
FN:128,(anonymous_17)
FNF:18
FNH:6
FNDA:2,(anonymous_0)
FNDA:0,(anonymous_1)
FNDA:0,(anonymous_2)
FNDA:2,(anonymous_3)
FNDA:0,(anonymous_4)
FNDA:0,(anonymous_5)
FNDA:2,(anonymous_6)
FNDA:0,(anonymous_7)
FNDA:0,(anonymous_8)
FNDA:1,(anonymous_9)
FNDA:0,(anonymous_10)
FNDA:0,(anonymous_11)
FNDA:1,(anonymous_12)
FNDA:0,(anonymous_13)
FNDA:0,(anonymous_14)
FNDA:1,(anonymous_15)
FNDA:0,(anonymous_16)
FNDA:0,(anonymous_17)
DA:3,2
DA:4,0
DA:5,0
DA:7,0
DA:8,0
DA:10,0
DA:12,0
DA:13,0
DA:14,0
DA:15,0
DA:20,0
DA:23,0
DA:28,2
DA:29,0
DA:30,0
DA:32,0
DA:33,0
DA:36,0
DA:37,0
DA:39,0
DA:40,0
DA:41,0
DA:43,0
DA:49,2
DA:50,0
DA:51,0
DA:53,0
DA:54,0
DA:57,0
DA:58,0
DA:59,0
DA:61,0
DA:64,0
DA:65,0
DA:66,0
DA:68,0
DA:73,1
DA:74,0
DA:75,0
DA:76,0
DA:77,0
DA:79,0
DA:81,0
DA:82,0
DA:88,0
DA:89,0
DA:90,0
DA:92,0
DA:98,1
DA:99,0
DA:100,0
DA:101,0
DA:102,0
DA:107,0
DA:108,0
DA:113,1
DA:114,0
DA:115,0
DA:116,0
DA:117,0
DA:119,0
DA:122,0
DA:123,0
DA:128,0
DA:129,0
LF:65
LH:6
BRDA:7,0,0,0
BRDA:7,0,1,0
BRDA:13,1,0,0
BRDA:13,1,1,0
BRDA:14,2,0,0
BRDA:14,2,1,0
BRDA:16,3,0,0
BRDA:16,3,1,0
BRDA:32,4,0,0
BRDA:32,4,1,0
BRDA:36,5,0,0
BRDA:36,5,1,0
BRDA:40,6,0,0
BRDA:40,6,1,0
BRDA:53,7,0,0
BRDA:53,7,1,0
BRDA:58,8,0,0
BRDA:58,8,1,0
BRDA:58,9,0,0
BRDA:58,9,1,0
BRDA:65,10,0,0
BRDA:65,10,1,0
BRDA:76,11,0,0
BRDA:76,11,1,0
BRDA:76,12,0,0
BRDA:76,12,1,0
BRDA:81,13,0,0
BRDA:81,13,1,0
BRDA:89,14,0,0
BRDA:89,14,1,0
BRDA:101,15,0,0
BRDA:101,15,1,0
BRDA:116,16,0,0
BRDA:116,16,1,0
BRDA:116,17,0,0
BRDA:116,17,1,0
BRDA:122,18,0,0
BRDA:122,18,1,0
BRF:38
BRH:0
end_of_record
TN:
SF:C:\users\Charity\Desktop\KajKai\query\view-user\services\NotificationService.js
FN:5,(anonymous_0)
FN:6,(anonymous_1)
FN:12,(anonymous_2)
FN:14,(anonymous_3)
FN:16,(anonymous_4)
FN:58,(anonymous_5)
FN:73,(anonymous_6)
FN:74,(anonymous_7)
FN:80,(anonymous_8)
FN:82,(anonymous_9)
FN:84,(anonymous_10)
FN:86,(anonymous_11)
FN:129,(anonymous_12)
FN:146,(anonymous_13)
FN:147,(anonymous_14)
FN:153,(anonymous_15)
FN:155,(anonymous_16)
FN:157,(anonymous_17)
FN:159,(anonymous_18)
FN:203,(anonymous_19)
FN:220,(anonymous_20)
FN:232,(anonymous_21)
FN:245,(anonymous_22)
FN:255,(anonymous_23)
FNF:24
FNH:0
FNDA:0,(anonymous_0)
FNDA:0,(anonymous_1)
FNDA:0,(anonymous_2)
FNDA:0,(anonymous_3)
FNDA:0,(anonymous_4)
FNDA:0,(anonymous_5)
FNDA:0,(anonymous_6)
FNDA:0,(anonymous_7)
FNDA:0,(anonymous_8)
FNDA:0,(anonymous_9)
FNDA:0,(anonymous_10)
FNDA:0,(anonymous_11)
FNDA:0,(anonymous_12)
FNDA:0,(anonymous_13)
FNDA:0,(anonymous_14)
FNDA:0,(anonymous_15)
FNDA:0,(anonymous_16)
FNDA:0,(anonymous_17)
FNDA:0,(anonymous_18)
FNDA:0,(anonymous_19)
FNDA:0,(anonymous_20)
FNDA:0,(anonymous_21)
FNDA:0,(anonymous_22)
FNDA:0,(anonymous_23)
DA:5,1
DA:6,0
DA:7,0
DA:8,0
DA:9,0
DA:10,0
DA:11,0
DA:12,0
DA:13,0
DA:14,0
DA:15,0
DA:16,0
DA:17,0
DA:18,0
DA:19,0
DA:20,0
DA:21,0
DA:23,0
DA:24,0
DA:25,0
DA:27,0
DA:28,0
DA:29,0
DA:30,0
DA:31,0
DA:33,0
DA:46,0
DA:47,0
DA:48,0
DA:49,0
DA:50,0
DA:51,0
DA:52,0
DA:55,0
DA:56,0
DA:57,0
DA:58,0
DA:59,0
DA:73,1
DA:74,0
DA:75,0
DA:76,0
DA:77,0
DA:78,0
DA:79,0
DA:80,0
DA:81,0
DA:82,0
DA:83,0
DA:84,0
DA:85,0
DA:86,0
DA:87,0
DA:88,0
DA:89,0
DA:90,0
DA:91,0
DA:93,0
DA:94,0
DA:95,0
DA:97,0
DA:98,0
DA:99,0
DA:100,0
DA:101,0
DA:103,0
DA:117,0
DA:118,0
DA:119,0
DA:120,0
DA:121,0
DA:122,0
DA:123,0
DA:126,0
DA:127,0
DA:128,0
DA:129,0
DA:130,0
DA:146,1
DA:147,0
DA:148,0
DA:149,0
DA:150,0
DA:151,0
DA:152,0
DA:153,0
DA:154,0
DA:155,0
DA:156,0
DA:157,0
DA:158,0
DA:159,0
DA:160,0
DA:161,0
DA:162,0
DA:163,0
DA:164,0
DA:166,0
DA:167,0
DA:168,0
DA:170,0
DA:171,0
DA:172,0
DA:173,0
DA:174,0
DA:176,0
DA:191,0
DA:192,0
DA:193,0
DA:194,0
DA:195,0
DA:196,0
DA:197,0
DA:200,0
DA:201,0
DA:202,0
DA:203,0
DA:204,0
DA:220,1
DA:232,0
DA:245,0
DA:255,1
DA:256,0
DA:257,0
DA:258,0
DA:260,0
DA:262,0
DA:263,0
DA:264,0
DA:266,0
DA:267,0
DA:268,0
DA:271,0
LF:133
LH:5
BRDA:7,0,0,0
BRDA:7,0,1,0
BRDA:11,1,0,0
BRDA:11,1,1,0
BRDA:13,2,0,0
BRDA:13,2,1,0
BRDA:15,3,0,0
BRDA:15,3,1,0
BRDA:17,4,0,0
BRDA:17,4,1,0
BRDA:20,5,0,0
BRDA:20,5,1,0
BRDA:24,6,0,0
BRDA:24,6,1,0
BRDA:28,7,0,0
BRDA:28,7,1,0
BRDA:30,8,0,0
BRDA:30,8,1,0
BRDA:36,9,0,0
BRDA:36,9,1,0
BRDA:37,10,0,0
BRDA:37,10,1,0
BRDA:48,11,0,0
BRDA:48,11,1,0
BRDA:48,12,0,0
BRDA:48,12,1,0
BRDA:51,13,0,0
BRDA:51,13,1,0
BRDA:52,14,0,0
BRDA:52,14,1,0
BRDA:75,15,0,0
BRDA:75,15,1,0
BRDA:79,16,0,0
BRDA:79,16,1,0
BRDA:81,17,0,0
BRDA:81,17,1,0
BRDA:83,18,0,0
BRDA:83,18,1,0
BRDA:85,19,0,0
BRDA:85,19,1,0
BRDA:87,20,0,0
BRDA:87,20,1,0
BRDA:90,21,0,0
BRDA:90,21,1,0
BRDA:94,22,0,0
BRDA:94,22,1,0
BRDA:98,23,0,0
BRDA:98,23,1,0
BRDA:100,24,0,0
BRDA:100,24,1,0
BRDA:107,25,0,0
BRDA:107,25,1,0
BRDA:108,26,0,0
BRDA:108,26,1,0
BRDA:119,27,0,0
BRDA:119,27,1,0
BRDA:119,28,0,0
BRDA:119,28,1,0
BRDA:122,29,0,0
BRDA:122,29,1,0
BRDA:123,30,0,0
BRDA:123,30,1,0
BRDA:148,31,0,0
BRDA:148,31,1,0
BRDA:152,32,0,0
BRDA:152,32,1,0
BRDA:154,33,0,0
BRDA:154,33,1,0
BRDA:156,34,0,0
BRDA:156,34,1,0
BRDA:158,35,0,0
BRDA:158,35,1,0
BRDA:160,36,0,0
BRDA:160,36,1,0
BRDA:163,37,0,0
BRDA:163,37,1,0
BRDA:167,38,0,0
BRDA:167,38,1,0
BRDA:171,39,0,0
BRDA:171,39,1,0
BRDA:173,40,0,0
BRDA:173,40,1,0
BRDA:181,41,0,0
BRDA:181,41,1,0
BRDA:182,42,0,0
BRDA:182,42,1,0
BRDA:193,43,0,0
BRDA:193,43,1,0
BRDA:193,44,0,0
BRDA:193,44,1,0
BRDA:196,45,0,0
BRDA:196,45,1,0
BRDA:197,46,0,0
BRDA:197,46,1,0
BRDA:238,47,0,0
BRDA:238,47,1,0
BRDA:239,48,0,0
BRDA:239,48,1,0
BRDA:245,49,0,0
BRDA:245,49,1,0
BRDA:247,50,0,0
BRDA:247,50,1,0
BRDA:248,51,0,0
BRDA:248,51,1,0
BRDA:249,52,0,0
BRDA:249,52,1,0
BRDA:256,53,0,0
BRDA:256,53,1,0
BRDA:257,54,0,0
BRDA:257,54,1,0
BRDA:263,55,0,0
BRDA:263,55,1,0
BRDA:267,56,0,0
BRDA:267,56,1,0
BRF:114
BRH:0
end_of_record
TN:
SF:C:\users\Charity\Desktop\KajKai\query\view-user\services\UserService.js
FN:5,(anonymous_0)
FN:6,(anonymous_1)
FN:35,(anonymous_2)
FN:58,(anonymous_3)
FN:59,(anonymous_4)
FN:95,(anonymous_5)
FN:96,(anonymous_6)
FN:154,(anonymous_7)
FN:155,(anonymous_8)
FN:190,(anonymous_9)
FN:202,(anonymous_10)
FN:203,(anonymous_11)
FN:220,(anonymous_12)
FN:227,(anonymous_13)
FN:228,(anonymous_14)
FN:277,(anonymous_15)
FNF:16
FNH:1
FNDA:0,(anonymous_0)
FNDA:0,(anonymous_1)
FNDA:0,(anonymous_2)
FNDA:0,(anonymous_3)
FNDA:0,(anonymous_4)
FNDA:0,(anonymous_5)
FNDA:0,(anonymous_6)
FNDA:0,(anonymous_7)
FNDA:0,(anonymous_8)
FNDA:0,(anonymous_9)
FNDA:0,(anonymous_10)
FNDA:0,(anonymous_11)
FNDA:0,(anonymous_12)
FNDA:0,(anonymous_13)
FNDA:0,(anonymous_14)
FNDA:1,(anonymous_15)
DA:5,1
DA:6,0
DA:7,0
DA:8,0
DA:9,0
DA:11,0
DA:19,0
DA:20,0
DA:35,0
DA:45,0
DA:58,1
DA:59,0
DA:60,0
DA:61,0
DA:62,0
DA:64,0
DA:72,0
DA:73,0
DA:82,0
DA:95,1
DA:96,0
DA:97,0
DA:98,0
DA:99,0
DA:101,0
DA:107,0
DA:108,0
DA:109,0
DA:110,0
DA:112,0
DA:113,0
DA:114,0
DA:115,0
DA:116,0
DA:117,0
DA:118,0
DA:123,0
DA:124,0
DA:125,0
DA:127,0
DA:132,0
DA:133,0
DA:136,0
DA:142,0
DA:154,1
DA:155,0
DA:156,0
DA:157,0
DA:158,0
DA:160,0
DA:167,0
DA:168,0
DA:169,0
DA:170,0
DA:171,0
DA:172,0
DA:173,0
DA:174,0
DA:176,0
DA:177,0
DA:178,0
DA:180,0
DA:185,0
DA:186,0
DA:189,0
DA:190,0
DA:192,0
DA:202,1
DA:203,0
DA:204,0
DA:205,0
DA:206,0
DA:208,0
DA:211,0
DA:212,0
DA:213,0
DA:214,0
DA:215,0
DA:216,0
DA:219,0
DA:220,0
DA:222,0
DA:227,1
DA:228,0
DA:229,0
DA:230,0
DA:231,0
DA:233,0
DA:236,0
DA:237,0
DA:238,0
DA:240,0
DA:241,0
DA:242,0
DA:243,0
DA:244,0
DA:245,0
DA:246,0
DA:255,0
DA:256,0
DA:257,0
DA:259,0
DA:264,0
DA:265,0
DA:267,0
DA:277,1
DA:278,1
DA:279,1
DA:280,1
DA:282,0
LF:110
LH:10
BRDA:7,0,0,0
BRDA:7,0,1,0
BRDA:7,1,0,0
BRDA:7,1,1,0
BRDA:8,2,0,0
BRDA:8,2,1,0
BRDA:19,3,0,0
BRDA:19,3,1,0
BRDA:19,4,0,0
BRDA:19,4,1,0
BRDA:35,5,0,0
BRDA:35,5,1,0
BRDA:41,6,0,0
BRDA:41,6,1,0
BRDA:60,7,0,0
BRDA:60,7,1,0
BRDA:60,8,0,0
BRDA:60,8,1,0
BRDA:61,9,0,0
BRDA:61,9,1,0
BRDA:72,10,0,0
BRDA:72,10,1,0
BRDA:72,11,0,0
BRDA:72,11,1,0
BRDA:97,12,0,0
BRDA:97,12,1,0
BRDA:97,13,0,0
BRDA:97,13,1,0
BRDA:98,14,0,0
BRDA:98,14,1,0
BRDA:107,15,0,0
BRDA:107,15,1,0
BRDA:107,16,0,0
BRDA:107,16,1,0
BRDA:109,17,0,0
BRDA:109,17,1,0
BRDA:116,18,0,0
BRDA:116,18,1,0
BRDA:117,19,0,0
BRDA:117,19,1,0
BRDA:132,20,0,0
BRDA:132,20,1,0
BRDA:132,21,0,0
BRDA:132,21,1,0
BRDA:156,22,0,0
BRDA:156,22,1,0
BRDA:156,23,0,0
BRDA:156,23,1,0
BRDA:157,24,0,0
BRDA:157,24,1,0
BRDA:172,25,0,0
BRDA:172,25,1,0
BRDA:173,26,0,0
BRDA:173,26,1,0
BRDA:185,27,0,0
BRDA:185,27,1,0
BRDA:204,28,0,0
BRDA:204,28,1,0
BRDA:204,29,0,0
BRDA:204,29,1,0
BRDA:205,30,0,0
BRDA:205,30,1,0
BRDA:212,31,0,0
BRDA:212,31,1,0
BRDA:214,32,0,0
BRDA:214,32,1,0
BRDA:229,33,0,0
BRDA:229,33,1,0
BRDA:229,34,0,0
BRDA:229,34,1,0
BRDA:230,35,0,0
BRDA:230,35,1,0
BRDA:237,36,0,0
BRDA:237,36,1,0
BRDA:244,37,0,0
BRDA:244,37,1,0
BRDA:245,38,0,0
BRDA:245,38,1,0
BRDA:264,39,0,0
BRDA:264,39,1,0
BRF:80
BRH:0
end_of_record
